do run
loading script "jan_unknown400_120.py"
loading script "jan_pump_ms.py"
loading script "jan_co2.py"
loading script "jan_pump_extraction_line.py"
testing...
no interpolation path defined
executed snippet estimated_duration=539.8, duration=0.00021505355835
script duration name:unknown400_120 seconds:540.0
loading script "jan_unknown400_120.py"
loading script "jan_pump_ms.py"
loading script "jan_co2.py"
loading script "jan_pump_extraction_line.py"
testing...
no interpolation path defined
executed snippet estimated_duration=0, duration=2.40802764893e-05
loading script "jan_unknown400_120.py"
loading script "jan_pump_ms.py"
loading script "jan_co2.py"
loading script "jan_pump_extraction_line.py"
testing...
no interpolation path defined
calculate duration
testing...
no interpolation path defined
executed snippet estimated_duration=0, duration=6.103515625e-05
calculate duration
testing...
no interpolation path defined
executed snippet estimated_duration=0, duration=9.48905944824e-05
executed snippet estimated_duration=0.0, duration=0.00212121009827
script duration name:co2 seconds:0.0
loading script "jan_unknown400_120.py"
loading script "jan_pump_ms.py"
loading script "jan_co2.py"
loading script "jan_pump_extraction_line.py"
testing...
no interpolation path defined
calculate duration
testing...
no interpolation path defined
executed snippet estimated_duration=4.0, duration=0.000138998031616
executed snippet estimated_duration=4.0, duration=0.00111699104309
Script duration 540.0
Run total estimated duration= 541.000
run duration: 0:09:01
doing event level: 2
22:17:10 -- Setting default integration. t=1.048576
setting integration time = 1.048576
SetIntegrationTime 1.048576 ===>> OK
----------------- start -----------------
**************** Experiment Type: Ar/Ar, Ar/Ar
create new session 4950882352
close session 4950882352
$$$$$ Clearing conditionals
adding conditionals 
Add queue conditionals
add default conditionals
adding default conditionals from /Users/jan/Pychron/setupfiles/spectrometer/default_conditionals.yaml
Start automated run 65891-04A
loading script "jan_unknown400_120.py"
loading script "jan_pump_ms.py"
loading script "jan_co2.py"
loading script "jan_pump_extraction_line.py"
%%%%%%%%%%%%%%%%%% setting automated run 65891-04A
No value "sensitivity_multiplier" in metadata
$$$$$$$$$$$$$$$ auto_save_detector_ic=False
============================= Pre Extraction Check =============================
loading queue conditionals pre_run_terminations
loading system conditionals pre_run_terminations
loading conditionals from /Users/jan/Pychron/setupfiles/spectrometer/default_conditionals.yaml
22:17:10 -- ******* Pre Extraction Check *******
Get a measurement from the spectrometer
Pre Extraction Termination data. keys=H2,H1,AX,L1,L2,CDD, signals=-0.21275,0.09680,0.13880,-0.03324,-0.01031,0.00134
22:17:10 -- testing system defined conditionals
Checking default pre extraction terminations n=2
testing CDD
evaluate ot="CDD.inactive" t="CDD", ctx="{'CDD': False}"
GetDeflection CDD ===>> 50
testing CDD==2000
evaluate ot="CDD.deflection==2000" t="CDD==2000", ctx="{'CDD': 50.0}"
22:17:10 -- ******* Pre Extraction Check Passed *******
=================================================================================
22:17:10 -- stopping status monitor. block=True
stop 4949042864
Status monitor stopped
Status monitor finished
22:17:12 -- starting status monitor
start 4949042864
StatusMonitor period=1. Frequencies(state=2, checksum=3, lock=5, owner=5)
start extraction
do extraction
Analysis started at 22:17:13.968498
Extraction Started jan_co2.py
22:17:13 -- ******* Extraction Started jan_co2.py *******
state changed from not run to extraction
DO EXTRACTION <pychron.extraction_line.pyscript_runner.RemotePyScriptRunner object at 0x12d89e050>
testing...
no interpolation path defined
calculate duration
testing...
no interpolation path defined
executed snippet estimated_duration=0, duration=5.79357147217e-05
calculate duration
testing...
no interpolation path defined
executed snippet estimated_duration=0, duration=8.51154327393e-05
executed snippet estimated_duration=100.0, duration=0.00236916542053
Jan CO2 laser analysis
doing GOSUB
testing...
no interpolation path defined
executed snippet estimated_duration=0, duration=4.60147857666e-05
Waiting for CO2 access
wait ('FelixCO2Flag', 0) {}
waiting for FelixCO2Flag = 0
Read FelixCO2Flag ===>> 0
finished waiting
CO2 free
wait ('CO2PumpTimeFlag', 0) {}
waiting for CO2PumpTimeFlag = 0
Read CO2PumpTimeFlag ===>> 0
finished waiting
acquire ('JanCO2Flag',) {'clear': True}
acquire JanCO2Flag
Set JanCO2Flag 1 ===>> OK
JanCO2Flag acquired
set extraction state False (0.75, 'red', 1.5)
CO2 acquired
executed snippet estimated_duration=0, duration=0.018100976944
WaitForCO2Access.py completed successfully
gosub finished
doing GOSUB
testing...
no interpolation path defined
executed snippet estimated_duration=0, duration=0.000120878219604
Prepare for CO2 analysis
close () {'description': 'Jan Inlet'}
close name=--- desc=Jan Inlet
checking ownership. requestor=192.168.2.150
check software interlocks R
interlocks []
actuate state mode=None-script, software_lock=False
doing actuation None-script close_channel False
Close R ===>> OK
GetIndicatorState R ===>> False
change switch state (True, True)
22:17:14 -- CLOSE  VALVE-R (Jan Inlet)
-------------------------- close None (Jan Inlet) result=[(True, True)]
action=close, ok=True, locked=[False]
open () {'description': 'Jan Ion Pump'}
open name=--- desc=Jan Ion Pump
checking ownership. requestor=192.168.2.150
check software interlocks O
interlocks []
actuate state mode=None-script, software_lock=False
doing actuation None-script open_channel False
Open O ===>> OK
GetIndicatorState O ===>> OK
change switch state (True, True)
22:17:14 -- OPEN   VALVE-O (Jan Ion Pump)
-------------------------- open None (Jan Ion Pump) result=[(True, True)]
action=open, ok=True, locked=[False]
close () {'description': 'Microbone to Minibone'}
close name=--- desc=Microbone to Minibone
checking ownership. requestor=192.168.2.150
check software interlocks L
interlocks []
actuate state mode=None-script, software_lock=False
doing actuation None-script close_channel False
Close L ===>> OK
GetIndicatorState L ===>> False
change switch state (True, True)
22:17:15 -- CLOSE  VALVE-L (Microbone to Minibone)
-------------------------- close None (Microbone to Minibone) result=[(True, True)]
action=close, ok=True, locked=[False]
open () {'description': 'Microbone to Turbo'}
open name=--- desc=Microbone to Turbo
checking ownership. requestor=192.168.2.150
check software interlocks U
interlocks []
actuate state mode=None-script, software_lock=False
doing actuation None-script open_channel False
Open U ===>> OK
GetIndicatorState U ===>> OK
change switch state (True, True)
22:17:15 -- OPEN   VALVE-U (Microbone to Turbo)
-------------------------- open None (Microbone to Turbo) result=[(True, True)]
action=open, ok=True, locked=[False]
open () {'description': 'Microbone to Inlet Pipette'}
open name=--- desc=Microbone to Inlet Pipette
checking ownership. requestor=192.168.2.150
check software interlocks S
interlocks []
actuate state mode=None-script, software_lock=False
doing actuation None-script open_channel False
Open S ===>> OK
GetIndicatorState S ===>> OK
change switch state (True, True)
22:17:16 -- OPEN   VALVE-S (Microbone to Inlet Pipette)
-------------------------- open None (Microbone to Inlet Pipette) result=[(True, True)]
action=open, ok=True, locked=[False]
open () {'description': 'Microbone to Getter D-50'}
open name=--- desc=Microbone to Getter D-50
checking ownership. requestor=192.168.2.150
check software interlocks K
interlocks []
actuate state mode=None-script, software_lock=False
doing actuation None-script open_channel False
Open K ===>> OK
GetIndicatorState K ===>> OK
change switch state (True, True)
22:17:17 -- OPEN   VALVE-K (Microbone to Getter D-50)
-------------------------- open None (Microbone to Getter D-50) result=[(True, True)]
action=open, ok=True, locked=[False]
open () {'description': 'Microbone to Getter NP-10'}
open name=--- desc=Microbone to Getter NP-10
checking ownership. requestor=192.168.2.150
check software interlocks M
interlocks []
actuate state mode=None-script, software_lock=False
doing actuation None-script open_channel False
Open M ===>> OK
GetIndicatorState M ===>> OK
change switch state (True, True)
22:17:17 -- OPEN   VALVE-M (Microbone to Getter NP-10)
-------------------------- open None (Microbone to Getter NP-10) result=[(True, True)]
action=open, ok=True, locked=[False]
close () {'description': 'CO2 Laser to Felix'}
close name=--- desc=CO2 Laser to Felix
checking ownership. requestor=192.168.2.150
check software interlocks F
interlocks []
actuate state mode=None-script, software_lock=True
VALVE-F(CO2 Laser to Felix) software locked
change switch state (True, False)
-------------------------- close None (CO2 Laser to Felix) result=[(True, False)]
action=close, ok=True, locked=[True]
open () {'description': 'CO2 Laser to Jan'}
open name=--- desc=CO2 Laser to Jan
checking ownership. requestor=192.168.2.150
check software interlocks A
interlocks []
actuate state mode=None-script, software_lock=False
doing actuation None-script open_channel False
Open A ===>> OK
GetIndicatorState A ===>> OK
change switch state (True, True)
22:17:18 -- OPEN   VALVE-A (CO2 Laser to Jan)
-------------------------- open None (CO2 Laser to Jan) result=[(True, True)]
action=open, ok=True, locked=[False]
open () {'description': 'Microbone to CO2 Laser'}
open name=--- desc=Microbone to CO2 Laser
checking ownership. requestor=192.168.2.150
check software interlocks T
interlocks []
actuate state mode=None-script, software_lock=False
doing actuation None-script open_channel False
Open T ===>> OK
GetIndicatorState T ===>> OK
change switch state (True, True)
22:17:18 -- OPEN   VALVE-T (Microbone to CO2 Laser)
-------------------------- open None (Microbone to CO2 Laser) result=[(True, True)]
action=open, ok=True, locked=[False]
executed snippet estimated_duration=0, duration=4.93193602562
PrepareForCO2Analysis.py completed successfully
gosub finished
set_motor ('beam', '1.25') {}
setting motor "beam" to 1.25
set motor beam to 1.25
SetMotor beam,1.25 ===>> OK
GetMotorMoving beam ===>> False
GetMotorMoving beam ===>> False
Block completed
move_to_position ('197',) {'autocenter': True}
FusionsCO2 move to position 197
sending GoToHole 197,True
GoToHole 197,True ===>> OK
GetDriveMoving ===>> OK
GetDriveMoving ===>> OK
GetDriveMoving ===>> OK
GetDriveMoving ===>> OK
GetDriveMoving ===>> OK
GetDriveMoving ===>> OK
GetDriveMoving ===>> OK
GetDriveMoving ===>> OK
GetDriveMoving ===>> OK
GetDriveMoving ===>> OK
GetDriveMoving ===>> OK
GetDriveMoving ===>> OK
GetDriveMoving ===>> OK
GetDriveMoving ===>> OK
GetDriveMoving ===>> OK
GetDriveMoving ===>> OK
GetDriveMoving ===>> OK
GetDriveMoving ===>> OK
GetDriveMoving ===>> OK
GetDriveMoving ===>> OK
GetDriveMoving ===>> OK
GetDriveMoving ===>> OK
GetDriveMoving ===>> OK
GetDriveMoving ===>> OK
GetDriveMoving ===>> OK
GetDriveMoving ===>> OK
GetDriveMoving ===>> OK
GetDriveMoving ===>> OK
GetDriveMoving ===>> OK
GetDriveMoving ===>> OK
GetDriveMoving ===>> OK
GetDriveMoving ===>> OK
GetDriveMoving ===>> OK
GetDriveMoving ===>> OK
GetDriveMoving ===>> OK
GetDriveMoving ===>> OK
GetDriveMoving ===>> OK
GetDriveMoving ===>> False
GetDriveMoving ===>> OK
GetDriveMoving ===>> OK
GetDriveMoving ===>> OK
GetDriveMoving ===>> OK
GetDriveMoving ===>> OK
GetDriveMoving ===>> False
Block completed
GetAutoCorrecting ===>> False
GetAutoCorrecting ===>> False
Block completed
update position
GetPosition ===>> -9.96950,-11.96340,1.00000
got position (-9.9695, -11.9634, 1.0)
move to position succeeded
sleep (5,) {}
SLEEP 5.0
block started
WaitControl setup for 5.0  
Join finished
block finished. duration 5.0348200798
close () {'description': 'Microbone to Turbo'}
close name=--- desc=Microbone to Turbo
checking ownership. requestor=192.168.2.150
check software interlocks U
interlocks []
actuate state mode=None-script, software_lock=False
doing actuation None-script close_channel True
Close U ===>> OK
GetIndicatorState U ===>> False
change switch state (True, True)
22:17:38 -- CLOSE  VALVE-U (Microbone to Turbo)
-------------------------- close None (Microbone to Turbo) result=[(True, True)]
action=close, ok=True, locked=[False]
enable laser
enable () {}
set extraction state FusionsCO2 Enabled (False, 'red', 1.5)
enabling laser
Enable ===>> OK
begin interval
BEGIN INTERVAL Interval 1 waiting for 30.0
block started
set extract to 0.25
WaitControl setup for 30.0  
extract (0.25,) {}
GetPosition ===>> -9.96950,-11.96340,1.00000
set extraction state FusionsCO2 ON! 0.25(watts) (0.75, 'red', 1.5)
extract sample to 0.25 (watts)
set laser output
{"units":"watts","command":"SetLaserOutput","value":0.25} ===>> OK
executing pattern triangle.lp
execute_pattern ('triangle.lp',) {}
executing pattern triangle.lp
IsPatterning ===>> OK
IsPatterning ===>> OK
IsPatterning ===>> OK
IsPatterning ===>> OK
IsPatterning ===>> OK
IsPatterning ===>> OK
IsPatterning ===>> OK
IsPatterning ===>> OK
IsPatterning ===>> OK
IsPatterning ===>> OK
IsPatterning ===>> OK
IsPatterning ===>> OK
IsPatterning ===>> OK
IsPatterning ===>> OK
IsPatterning ===>> OK
IsPatterning ===>> OK
IsPatterning ===>> OK
IsPatterning ===>> OK
IsPatterning ===>> OK
IsPatterning ===>> OK
IsPatterning ===>> OK
IsPatterning ===>> OK
IsPatterning ===>> OK
IsPatterning ===>> OK
IsPatterning ===>> OK
IsPatterning ===>> OK
IsPatterning ===>> OK
IsPatterning ===>> False
IsPatterning ===>> False
Block completed
COMPLETE INTERVAL waiting for Interval 1 to complete
Join finished
block finished. duration 30.1080520153
Interval 1 finished
end_extract () {}
ending extraction. set laser power to 0
set laser power 0
SetLaserPower 0 ===>> OK
disable () {}
%%%%%%%%%%%%%%%%%%%%%%%%%%%%%%%%%%% disable
set extraction state False (0.75, 'red', 1.5)
disabling laser
Disable ===>> OK
sleep (30.0,) {}
SLEEP 30.0
block started
WaitControl setup for 30.0  
Join finished
block finished. duration 30.0770909786
executed snippet estimated_duration=165.5, duration=85.3409430981
jan_co2.py completed successfully
GetAchievedOutput ===>> No Response
Requested Output= 0.000
Achieved Output=  0.000
GetResponseBlob ===>> No Response
GetOutputBlob ===>> No Response
persistence save...
persistence save - db
AutomatedRunPersister post_extraction_save deprecated
persistence save - dvc
no extraction position for 197
not connected to db mysql://janexp@129.138.12.160/labspy
Enviromentals: {'lab_humiditys': [{'device': 'EnvironmentalMonitor',
                    'name': 'Lab Hum.',
                    'pub_date': '2017-10-24T20:49:26',
                    'title': 'iServer Hum.',
                    'value': 28.6}],
 'lab_pneumatics': [{'device': 'AirPressure',
                     'name': 'Pressure',
                     'pub_date': '2017-10-24T22:16:59',
                     'title': None,
                     'value': 120.3},
                    {'device': 'AirPressure2',
                     'name': 'Pressure2',
                     'pub_date': '2017-10-24T22:17:05',
                     'title': None,
                     'value': 123.27328}],
 'lab_temperatures': [{'device': 'Coldfinger',
                       'name': 'ColdFinger Temp.',
                       'pub_date': '2017-10-24T21:29:51',
                       'title': None,
                       'value': 70.0},
                      {'device': 'EnvironmentalMonitor',
                       'name': 'Lab Temp.',
                       'pub_date': '2017-10-24T21:36:54',
                       'title': 'iServer Temp.',
                       'value': 70.5},
                      {'device': 'Chiller',
                       'name': 'Coolant Temp.',
                       'pub_date': '2017-10-24T20:27:35',
                       'title': None,
                       'value': 18.0}]}
Extraction Finished
22:18:41 -- ******* Extraction Finished *******
no overlap. not waiting for min ms pumptime
22:18:41 -- Sending spectrometer configuration
======== Sending configuration ========
SetDeflection CDD,50.0 ===>> OK
SetDeflection H2,0.0 ===>> OK
SetDeflection H1,0.0 ===>> OK
SetDeflection L2,825.0 ===>> OK
SetDeflection L1,400.0 ===>> OK
SetDeflection AX,190.0 ===>> OK
SetZFocus 74.64 ===>> OK
SetZSymmetry -50.72 ===>> OK
SetExtractionLens 26.13 ===>> OK
SetIonRepeller -3.81 ===>> OK
SetElectronEnergy 75.08 ===>> OK
SetYSymmetry -2.81 ===>> OK
SetIonCounterVoltage 1590.0 ===>> OK
send trap current 200.0
GetParameter Trap Current Readback ===>> 198.147042666178
SetParameter Trap Current Set,200.0 ===>> OK
updating mftable name mftable
Using mftable located at /Users/jan/Pychron/setupfiles/spectrometer/mftables/mftable.csv
============ MFtable ===========
Isotope  H2     H1     AX     L1     L2     CDD    
Ar40     6.0554 5.8789 5.9927 6.1939 6.2302 6.6792
Ar39     6.0103 5.7699 6.0568 6.3370 6.1129 6.5657
Ar36     5.6878 5.4389 5.7202 5.9959 5.7679 6.2168
================================
get initial guess parabolic
get initial guess parabolic
get initial guess parabolic
get initial guess parabolic
get initial guess parabolic
get initial guess parabolic
======== Configuration Finished ========
GetYSymmetry ===>> -2.81
GetZSymmetry ===>> -50.72
GetParameter Trap Current Readback ===>> 197.923274125618
GetHighVoltage ===>> 4500
start measurement
do measurement
L#=65891 analysis type=unknown
Measurement Started jan_unknown400_120.py
22:18:42 -- ******* Measurement Started jan_unknown400_120.py *******
state changed from extraction to measurement
setting trap, emission, spec, defl, and gains
GetExtractionLens ===>> 26.13
GetYSymmetry ===>> -2.81
GetZSymmetry ===>> -50.72
GetZFocus ===>> 74.64
GetDeflection H2 ===>> 0
GetDeflection H1 ===>> 0
GetDeflection AX ===>> 190
GetDeflection L1 ===>> 400
GetDeflection L2 ===>> 825
GetDeflection CDD ===>> 50
GetGain H2 ===>> 0.96
GetGain H1 ===>> 0.1
GetGain AX ===>> 0.09645
GetGain L1 ===>> 0.010309
GetGain L2 ===>> 0.091218
GetGain CDD ===>> 0
GetParameter Trap Current Readback ===>> 197.923274125618
GetParameter Source Current Readback ===>> 552.536531770738
pre measurement save
New frame /Users/jan/Pychron/data/isotopes/23/d7209e-f5ad-484d-bf9f-f813441633fa.h5
flush and close file /Users/jan/Pychron/data/isotopes/23/d7209e-f5ad-484d-bf9f-f813441633fa.h5
testing...
no interpolation path defined
executed snippet estimated_duration=552.28, duration=0.000313997268677
unknown measurement script
activate_detectors ('H2', 'H1', 'AX', 'L1', 'L2', 'CDD') {}
activate detectors
*************** Set Analysis View Ar/Ar
create graphs
clearing graphs
creating plots for detectors [Detector(H2), Detector(H1), Detector(AX), Detector(L1), Detector(L2), Detector(CDD)]
clear isotope group
setting isotope det=H2, iso=Ar41
setting isotope det=H1, iso=Ar40
setting isotope det=AX, iso=Ar39
setting isotope det=L1, iso=Ar38
setting isotope det=L2, iso=Ar37
setting isotope det=CDD, iso=Ar36
setting previous blanks
 - setting Ar41 blank 0.036+/-0.012
 - setting Ar40 blank 0.365+/-0.008
 - setting Ar36 blank 0.00358+/-0.00017
 - setting Ar37 blank 0.052+/-0.005
 - setting Ar38 blank 0.0076+/-0.0020
 - setting Ar39 blank 0.014+/-0.009
load analysis view
position_magnet ('Ar40',) {'detector': 'H1'}
detector Detector(H1)
POSITION Ar40 H1
molweights={'Ar41': 41.0, 'Ar40': 39.9624, 'Ar42': 42.0, 'Ar35': 35.0, 'Ar36': 35.9675, 'Ar37': 36.9668, 'Ar38': 37.9627, 'Ar39': 38.964}
setting detector H2 to Ar41 (40.9624)
setting detector H1 to Ar40 (39.9624)
setting detector AX to Ar39 (38.9624)
setting detector L1 to Ar38 (37.9624)
setting detector L2 to Ar37 (36.9624)
setting detector CDD to Ar36 (35.9624)
Mapping mass to dac mass func: "parabolic"
H1 map mass coeffs = [ -3.11428344e-04   1.33794662e-01   1.02952323e+00]
H1 map mass to dac 39.9624 >> 5.87893
GetDeflection H1 ===>> 0
GetHighVoltage ===>> 4500
positioning Ar40 (5.87893) on H1
setting magnet DAC
current  : 5.878930
requested: 5.878930
Delta Dac: 0.000000
Checking detector protection. dv=0.00000
Checking detector "CDD". Protection Threshold: 0.5 (V)
AF Demag not enabled. self.use_af_demag=False, use_af_demag=False
SetMagnetDAC 5.87893 ===>> OK
Magnet settling time: 0.500 0.500
Magnet settling complete
set_dac. change=True
equilibrate () {'delay': 3, 'inlet': 'R', 'outlet': 'O', 'eqtime': 12.0}
Equilibration Started
22:18:43 -- ******* Equilibration Started *******
checking ownership. requestor=192.168.2.150
check software interlocks O
interlocks []
actuate state mode=None-script, software_lock=False
doing actuation None-script close_channel True
Close O ===>> OK
update labels <pychron.experiment.plot_panel.PlotPanel object at 0x15410db90>
update labels "<pychron.graph.stacked_regression_graph.StackedRegressionGraph object at 0x16560e9b0>"
setting label 0 H2 Ar41
setting label 1 H1 Ar40
setting label 2 AX Ar39
setting label 3 L1 Ar38
setting label 4 L2 Ar37
setting label 5 CDD Ar36
update labels "<pychron.graph.stacked_graph.StackedGraph object at 0x148f87830>"
setting label 0 H2 Ar41
setting label 1 H1 Ar40
setting label 2 AX Ar39
setting label 3 L1 Ar38
setting label 4 L2 Ar37
setting label 5 CDD Ar36
GetIndicatorState O ===>> False
change switch state (True, True)
22:18:43 -- CLOSE  VALVE-O (Jan Ion Pump)
waiting 3s before opening inlet value ('R',)
checking ownership. requestor=192.168.2.150
check software interlocks R
interlocks []
actuate state mode=None-script, software_lock=False
doing actuation None-script open_channel True
Open R ===>> OK
set states for children of R. state=True
refresh_canvas_needed fired
GetIndicatorState R ===>> OK
change switch state (True, True)
22:18:46 -- OPEN   VALVE-R (Jan Inlet)
equilibrating for 12.0sec
set_time_zero () {}
sniff (12.0,) {}
py_sniff
build tables- sniff [Detector(H2), Detector(H1), Detector(AX), Detector(L1), Detector(L2), Detector(CDD)]
add group /sniff/Ar41 (Group) '' table H2
add group /sniff/Ar40 (Group) '' table H1
add group /sniff/Ar39 (Group) '' table AX
add group /sniff/Ar38 (Group) '' table L1
add group /sniff/Ar37 (Group) '' table L2
add group /sniff/Ar36 (Group) '' table CDD
flush and close file /Users/jan/Pychron/data/isotopes/23/d7209e-f5ad-484d-bf9f-f813441633fa.h5
measuring sniff. ncounts=12.0
"sniff" increment series count="1" fit count="0" regressing="False"
starting measurement
measurement period (ms) = 1048.576
Equilibration Finished
22:18:58 -- ******* Equilibration Finished *******
checking ownership. requestor=192.168.2.150
check software interlocks R
interlocks []
actuate state mode=None-script, software_lock=False
doing actuation None-script close_channel True
Close R ===>> OK
GetIndicatorState R ===>> False
change switch state (True, True)
22:18:59 -- CLOSE  VALVE-R (Jan Inlet)
Post Equilibration Started jan_pump_extraction_line.py
22:18:59 -- ******* Post Equilibration Started jan_pump_extraction_line.py *******
testing...
no interpolation path defined
calculate duration
testing...
no interpolation path defined
executed snippet estimated_duration=4.0, duration=0.000145196914673
executed snippet estimated_duration=4.0, duration=0.00118184089661
Pump after analysis
doing GOSUB
testing...
no interpolation path defined
executed snippet estimated_duration=4.0, duration=0.000131845474243
Pump Microbone
close () {'description': 'Jan Inlet'}
close name=--- desc=Jan Inlet
checking ownership. requestor=192.168.2.150
check software interlocks R
interlocks []
actuate state mode=None-script, software_lock=False
doing actuation None-script close_channel False
waiting for write to finish
measurement finished
estimated time: 12.583 actual time: :12.703
flush and close file /Users/jan/Pychron/data/isotopes/23/d7209e-f5ad-484d-bf9f-f813441633fa.h5
set_fits () {}
using default fits file=/Users/jan/Pychron/scripts/measurement/fits/nominal.yaml
set "Ar41" to "('linear', 'SEM')"
set "Ar40" to "('Parabolic', 'SEM')"
set "Ar36" to "('Parabolic', 'SEM')"
set "Ar37" to "('linear', 'SEM')"
set "Ar38" to "('linear', 'SEM')"
set "Ar39" to "('Parabolic', 'SEM')"
set_baseline_fits () {}
using default fits file=/Users/jan/Pychron/scripts/measurement/fits/nominal.yaml
set "H2" to "('average', 'SEM')"
set "H1" to "('average', 'SEM')"
set "CDD" to "('average', 'SEM')"
set "L2" to "('average', 'SEM')"
set "L1" to "('average', 'SEM')"
set "AX" to "('average', 'SEM')"
multicollect () {'integration_time': 1, 'ncounts': 400}
build tables- signal [Detector(H2), Detector(H1), Detector(AX), Detector(L1), Detector(L2), Detector(CDD)]
add group /signal/Ar41 (Group) '' table H2
add group /signal/Ar40 (Group) '' table H1
add group /signal/Ar39 (Group) '' table AX
add group /signal/Ar38 (Group) '' table L1
Close R ===>> OK
add group /signal/Ar37 (Group) '' table L2
add group /signal/Ar36 (Group) '' table CDD
flush and close file /Users/jan/Pychron/data/isotopes/23/d7209e-f5ad-484d-bf9f-f813441633fa.h5
measuring signal. ncounts=400
GetIndicatorState R ===>> False
change switch state (True, True)
22:19:00 -- CLOSE  VALVE-R (Jan Inlet)
-------------------------- close None (Jan Inlet) result=[(True, True)]
"signal" increment series count="2" fit count="1" regressing="True"
action=close, ok=True, locked=[False]
is_closed ('F',) {}
is F () closed?
is closed True
open () {'description': 'CO2 Laser to Jan'}
open name=--- desc=CO2 Laser to Jan
checking ownership. requestor=192.168.2.150
check software interlocks A
interlocks []
actuate state mode=None-script, software_lock=False
doing actuation None-script open_channel False
Open A ===>> OK
GetIndicatorState A ===>> OK
change switch state (True, True)
22:19:00 -- OPEN   VALVE-A (CO2 Laser to Jan)
-------------------------- open None (CO2 Laser to Jan) result=[(True, True)]
starting measurement
measurement period (ms) = 1048.576
action=open, ok=True, locked=[False]
sleep (1,) {}
SLEEP 1.0
close () {'description': 'CO2 Laser to Roughing'}
close name=--- desc=CO2 Laser to Roughing
checking ownership. requestor=192.168.2.150
check software interlocks G
interlocks []
actuate state mode=None-script, software_lock=True
VALVE-G(CO2 Laser to Roughing) software locked
change switch state (True, False)
-------------------------- close None (CO2 Laser to Roughing) result=[(True, False)]
action=close, ok=True, locked=[True]
open () {'description': 'Microbone to Turbo'}
open name=--- desc=Microbone to Turbo
checking ownership. requestor=192.168.2.150
check software interlocks U
interlocks []
actuate state mode=None-script, software_lock=False
doing actuation None-script open_channel True
Open U ===>> OK
GetIndicatorState U ===>> OK
change switch state (True, True)
22:19:01 -- OPEN   VALVE-U (Microbone to Turbo)
-------------------------- open None (Microbone to Turbo) result=[(True, True)]
action=open, ok=True, locked=[False]
open () {'description': 'Microbone to Getter NP-10'}
open name=--- desc=Microbone to Getter NP-10
checking ownership. requestor=192.168.2.150
check software interlocks M
interlocks []
actuate state mode=None-script, software_lock=False
doing actuation None-script open_channel False
Open M ===>> OK
GetIndicatorState M ===>> OK
change switch state (True, True)
22:19:02 -- OPEN   VALVE-M (Microbone to Getter NP-10)
-------------------------- open None (Microbone to Getter NP-10) result=[(True, True)]
action=open, ok=True, locked=[False]
open () {'description': 'Microbone to Getter D-50'}
open name=--- desc=Microbone to Getter D-50
checking ownership. requestor=192.168.2.150
check software interlocks K
interlocks []
actuate state mode=None-script, software_lock=False
doing actuation None-script open_channel False
Open K ===>> OK
GetIndicatorState K ===>> OK
change switch state (True, True)
22:19:03 -- OPEN   VALVE-K (Microbone to Getter D-50)
-------------------------- open None (Microbone to Getter D-50) result=[(True, True)]
action=open, ok=True, locked=[False]
open () {'description': 'Microbone to CO2 Laser'}
open name=--- desc=Microbone to CO2 Laser
checking ownership. requestor=192.168.2.150
check software interlocks T
interlocks []
actuate state mode=None-script, software_lock=False
doing actuation None-script open_channel False
Open T ===>> OK
GetIndicatorState T ===>> OK
change switch state (True, True)
22:19:03 -- OPEN   VALVE-T (Microbone to CO2 Laser)
-------------------------- open None (Microbone to CO2 Laser) result=[(True, True)]
action=open, ok=True, locked=[False]
open () {'description': 'Microbone to Inlet Pipette'}
open name=--- desc=Microbone to Inlet Pipette
checking ownership. requestor=192.168.2.150
check software interlocks S
interlocks []
actuate state mode=None-script, software_lock=False
doing actuation None-script open_channel False
Open S ===>> OK
GetIndicatorState S ===>> OK
change switch state (True, True)
22:19:04 -- OPEN   VALVE-S (Microbone to Inlet Pipette)
-------------------------- open None (Microbone to Inlet Pipette) result=[(True, True)]
action=open, ok=True, locked=[False]
sleep (1,) {}
SLEEP 1.0
testing H1<-5.0
evaluate ot="H1.bs<-5.0" t="H1<-5.0", ctx="{'H1': 0.04986082974817331}"
set_resource () {'name': 'CO2PumpTimeFlag', 'value': 30}
Set CO2PumpTimeFlag 30 ===>> OK
release ('JanCO2Flag',) {}
release JanCO2Flag
Set JanCO2Flag 0 ===>> OK
executed snippet estimated_duration=6.0, duration=5.8806040287
PumpMicrobone.py completed successfully
gosub finished
get_resource_value () {'name': 'JanMiniboneFlag'}
Read JanMiniboneFlag ===>> 0
Get Resource Value JanMiniboneFlag=0.0
get resource value 0.0
get_resource_value () {'name': 'JanMiniboneFlag'}
Read JanMiniboneFlag ===>> 0
Get Resource Value JanMiniboneFlag=0.0
executed snippet estimated_duration=4.0, duration=5.89147305489
jan_pump_extraction_line.py completed successfully
Post Equilibration Finished
22:19:05 -- ******* Post Equilibration Finished *******
testing H1<-5.0
evaluate ot="H1.bs<-5.0" t="H1<-5.0", ctx="{'H1': 0.04986082974817331}"
testing H1<-5.0
evaluate ot="H1.bs<-5.0" t="H1<-5.0", ctx="{'H1': 0.04986082974817331}"
testing H1<-5.0
evaluate ot="H1.bs<-5.0" t="H1<-5.0", ctx="{'H1': 0.04986082974817331}"
testing H1<-5.0
evaluate ot="H1.bs<-5.0" t="H1<-5.0", ctx="{'H1': 0.04986082974817331}"
22:19:25 -- collecting point 25
testing H1<-5.0
evaluate ot="H1.bs<-5.0" t="H1<-5.0", ctx="{'H1': 0.04986082974817331}"
testing H1<-5.0
evaluate ot="H1.bs<-5.0" t="H1<-5.0", ctx="{'H1': 0.04986082974817331}"
testing H1<-5.0
evaluate ot="H1.bs<-5.0" t="H1<-5.0", ctx="{'H1': 0.04986082974817331}"
testing H1<-5.0
evaluate ot="H1.bs<-5.0" t="H1<-5.0", ctx="{'H1': 0.04986082974817331}"
testing H1<-5.0
evaluate ot="H1.bs<-5.0" t="H1<-5.0", ctx="{'H1': 0.04986082974817331}"
22:19:52 -- collecting point 50
testing H1<-5.0
evaluate ot="H1.bs<-5.0" t="H1<-5.0", ctx="{'H1': 0.04986082974817331}"
testing H1<-5.0
evaluate ot="H1.bs<-5.0" t="H1<-5.0", ctx="{'H1': 0.04986082974817331}"
testing H1<-5.0
evaluate ot="H1.bs<-5.0" t="H1<-5.0", ctx="{'H1': 0.04986082974817331}"
testing H1<-5.0
evaluate ot="H1.bs<-5.0" t="H1<-5.0", ctx="{'H1': 0.04986082974817331}"
testing H1<-5.0
evaluate ot="H1.bs<-5.0" t="H1<-5.0", ctx="{'H1': 0.04986082974817331}"
22:20:18 -- collecting point 75
testing H1<-5.0
evaluate ot="H1.bs<-5.0" t="H1<-5.0", ctx="{'H1': 0.04986082974817331}"
testing Ar36<0.001
evaluate ot="Ar36.bs_corrected<0.001" t="Ar36<0.001", ctx="{'Ar36': 0.01409786377665139}"
testing H1<-5.0
evaluate ot="H1.bs<-5.0" t="H1<-5.0", ctx="{'H1': 0.04986082974817331}"
testing Ar36<0.001
evaluate ot="Ar36.bs_corrected<0.001" t="Ar36<0.001", ctx="{'Ar36': 0.013727750137811743}"
testing H1<-5.0
evaluate ot="H1.bs<-5.0" t="H1<-5.0", ctx="{'H1': 0.04986082974817331}"
testing Ar36<0.001
evaluate ot="Ar36.bs_corrected<0.001" t="Ar36<0.001", ctx="{'Ar36': 0.013145901075149522}"
testing H1<-5.0
evaluate ot="H1.bs<-5.0" t="H1<-5.0", ctx="{'H1': 0.04986082974817331}"
testing Ar36<0.001
evaluate ot="Ar36.bs_corrected<0.001" t="Ar36<0.001", ctx="{'Ar36': 0.012712019098220886}"
testing H1<-5.0
evaluate ot="H1.bs<-5.0" t="H1<-5.0", ctx="{'H1': 0.04986082974817331}"
testing Ar36<0.001
evaluate ot="Ar36.bs_corrected<0.001" t="Ar36<0.001", ctx="{'Ar36': 0.012850789572987976}"
22:20:44 -- collecting point 100
testing H1<-5.0
evaluate ot="H1.bs<-5.0" t="H1<-5.0", ctx="{'H1': 0.04986082974817331}"
testing Ar36<0.001
evaluate ot="Ar36.bs_corrected<0.001" t="Ar36<0.001", ctx="{'Ar36': 0.012676187484345623}"
testing H1<-5.0
evaluate ot="H1.bs<-5.0" t="H1<-5.0", ctx="{'H1': 0.04986082974817331}"
testing Ar36<0.001
evaluate ot="Ar36.bs_corrected<0.001" t="Ar36<0.001", ctx="{'Ar36': 0.012507788907231109}"
testing H1<-5.0
evaluate ot="H1.bs<-5.0" t="H1<-5.0", ctx="{'H1': 0.04986082974817331}"
testing Ar36<0.001
evaluate ot="Ar36.bs_corrected<0.001" t="Ar36<0.001", ctx="{'Ar36': 0.012242432109770548}"
testing H1<-5.0
evaluate ot="H1.bs<-5.0" t="H1<-5.0", ctx="{'H1': 0.04986082974817331}"
testing Ar36<0.001
evaluate ot="Ar36.bs_corrected<0.001" t="Ar36<0.001", ctx="{'Ar36': 0.01208819650402761}"
testing H1<-5.0
evaluate ot="H1.bs<-5.0" t="H1<-5.0", ctx="{'H1': 0.04986082974817331}"
testing Ar36<0.001
evaluate ot="Ar36.bs_corrected<0.001" t="Ar36<0.001", ctx="{'Ar36': 0.011689916651557273}"
22:21:10 -- collecting point 125
testing H1<-5.0
evaluate ot="H1.bs<-5.0" t="H1<-5.0", ctx="{'H1': 0.04986082974817331}"
testing Ar36<0.001
evaluate ot="Ar36.bs_corrected<0.001" t="Ar36<0.001", ctx="{'Ar36': 0.011615225723819322}"
testing H1<-5.0
evaluate ot="H1.bs<-5.0" t="H1<-5.0", ctx="{'H1': 0.04986082974817331}"
testing Ar36<0.001
evaluate ot="Ar36.bs_corrected<0.001" t="Ar36<0.001", ctx="{'Ar36': 0.011457007555424463}"
testing H1<-5.0
evaluate ot="H1.bs<-5.0" t="H1<-5.0", ctx="{'H1': 0.04986082974817331}"
testing Ar36<0.001
evaluate ot="Ar36.bs_corrected<0.001" t="Ar36<0.001", ctx="{'Ar36': 0.011451093924591572}"
testing H1<-5.0
evaluate ot="H1.bs<-5.0" t="H1<-5.0", ctx="{'H1': 0.04986082974817331}"
testing Ar36<0.001
evaluate ot="Ar36.bs_corrected<0.001" t="Ar36<0.001", ctx="{'Ar36': 0.011319898965534179}"
testing H1<-5.0
evaluate ot="H1.bs<-5.0" t="H1<-5.0", ctx="{'H1': 0.04986082974817331}"
testing Ar36<0.001
evaluate ot="Ar36.bs_corrected<0.001" t="Ar36<0.001", ctx="{'Ar36': 0.0114065464403404}"
22:21:37 -- collecting point 150
testing H1<-5.0
evaluate ot="H1.bs<-5.0" t="H1<-5.0", ctx="{'H1': 0.04986082974817331}"
testing Ar36<0.001
evaluate ot="Ar36.bs_corrected<0.001" t="Ar36<0.001", ctx="{'Ar36': 0.011292565224234441}"
testing H1<-5.0
evaluate ot="H1.bs<-5.0" t="H1<-5.0", ctx="{'H1': 0.04986082974817331}"
testing Ar36<0.001
evaluate ot="Ar36.bs_corrected<0.001" t="Ar36<0.001", ctx="{'Ar36': 0.01123668716711951}"
testing H1<-5.0
evaluate ot="H1.bs<-5.0" t="H1<-5.0", ctx="{'H1': 0.04986082974817331}"
testing Ar36<0.001
evaluate ot="Ar36.bs_corrected<0.001" t="Ar36<0.001", ctx="{'Ar36': 0.011114181292235266}"
testing H1<-5.0
evaluate ot="H1.bs<-5.0" t="H1<-5.0", ctx="{'H1': 0.04986082974817331}"
testing Ar36<0.001
evaluate ot="Ar36.bs_corrected<0.001" t="Ar36<0.001", ctx="{'Ar36': 0.010999626187515535}"
testing H1<-5.0
evaluate ot="H1.bs<-5.0" t="H1<-5.0", ctx="{'H1': 0.04986082974817331}"
testing Ar36<0.001
evaluate ot="Ar36.bs_corrected<0.001" t="Ar36<0.001", ctx="{'Ar36': 0.011035694709311943}"
22:22:03 -- collecting point 175
testing H1<-5.0
evaluate ot="H1.bs<-5.0" t="H1<-5.0", ctx="{'H1': 0.04986082974817331}"
testing Ar36<0.001
evaluate ot="Ar36.bs_corrected<0.001" t="Ar36<0.001", ctx="{'Ar36': 0.010953374887748685}"
testing H1<-5.0
evaluate ot="H1.bs<-5.0" t="H1<-5.0", ctx="{'H1': 0.04986082974817331}"
testing Ar36<0.001
evaluate ot="Ar36.bs_corrected<0.001" t="Ar36<0.001", ctx="{'Ar36': 0.01091792479264028}"
testing H1<-5.0
evaluate ot="H1.bs<-5.0" t="H1<-5.0", ctx="{'H1': 0.04986082974817331}"
testing Ar36<0.001
evaluate ot="Ar36.bs_corrected<0.001" t="Ar36<0.001", ctx="{'Ar36': 0.010854449192318691}"
testing H1<-5.0
evaluate ot="H1.bs<-5.0" t="H1<-5.0", ctx="{'H1': 0.04986082974817331}"
testing Ar36<0.001
evaluate ot="Ar36.bs_corrected<0.001" t="Ar36<0.001", ctx="{'Ar36': 0.01077499265780653}"
testing H1<-5.0
evaluate ot="H1.bs<-5.0" t="H1<-5.0", ctx="{'H1': 0.04986082974817331}"
testing Ar36<0.001
evaluate ot="Ar36.bs_corrected<0.001" t="Ar36<0.001", ctx="{'Ar36': 0.010864840103604558}"
22:22:29 -- collecting point 200
testing H1<-5.0
evaluate ot="H1.bs<-5.0" t="H1<-5.0", ctx="{'H1': 0.04986082974817331}"
testing Ar36<0.001
evaluate ot="Ar36.bs_corrected<0.001" t="Ar36<0.001", ctx="{'Ar36': 0.010774088364334437}"
testing H1<-5.0
evaluate ot="H1.bs<-5.0" t="H1<-5.0", ctx="{'H1': 0.04986082974817331}"
testing Ar36<0.001
evaluate ot="Ar36.bs_corrected<0.001" t="Ar36<0.001", ctx="{'Ar36': 0.01069310525215237}"
testing H1<-5.0
evaluate ot="H1.bs<-5.0" t="H1<-5.0", ctx="{'H1': 0.04986082974817331}"
testing Ar36<0.001
evaluate ot="Ar36.bs_corrected<0.001" t="Ar36<0.001", ctx="{'Ar36': 0.010613174252731927}"
testing H1<-5.0
evaluate ot="H1.bs<-5.0" t="H1<-5.0", ctx="{'H1': 0.04986082974817331}"
testing Ar36<0.001
evaluate ot="Ar36.bs_corrected<0.001" t="Ar36<0.001", ctx="{'Ar36': 0.010616288232687402}"
testing H1<-5.0
evaluate ot="H1.bs<-5.0" t="H1<-5.0", ctx="{'H1': 0.04986082974817331}"
testing Ar36<0.001
evaluate ot="Ar36.bs_corrected<0.001" t="Ar36<0.001", ctx="{'Ar36': 0.0104960406531599}"
22:22:56 -- collecting point 225
testing H1<-5.0
evaluate ot="H1.bs<-5.0" t="H1<-5.0", ctx="{'H1': 0.04986082974817331}"
testing Ar36<0.001
evaluate ot="Ar36.bs_corrected<0.001" t="Ar36<0.001", ctx="{'Ar36': 0.010474126668821592}"
testing H1<-5.0
evaluate ot="H1.bs<-5.0" t="H1<-5.0", ctx="{'H1': 0.04986082974817331}"
testing Ar36<0.001
evaluate ot="Ar36.bs_corrected<0.001" t="Ar36<0.001", ctx="{'Ar36': 0.010384360551959125}"
testing H1<-5.0
evaluate ot="H1.bs<-5.0" t="H1<-5.0", ctx="{'H1': 0.04986082974817331}"
testing Ar36<0.001
evaluate ot="Ar36.bs_corrected<0.001" t="Ar36<0.001", ctx="{'Ar36': 0.010452502683948515}"
testing H1<-5.0
evaluate ot="H1.bs<-5.0" t="H1<-5.0", ctx="{'H1': 0.04986082974817331}"
testing Ar36<0.001
evaluate ot="Ar36.bs_corrected<0.001" t="Ar36<0.001", ctx="{'Ar36': 0.01045688072853088}"
testing H1<-5.0
evaluate ot="H1.bs<-5.0" t="H1<-5.0", ctx="{'H1': 0.04986082974817331}"
testing Ar36<0.001
evaluate ot="Ar36.bs_corrected<0.001" t="Ar36<0.001", ctx="{'Ar36': 0.010420995435449653}"
22:23:22 -- collecting point 250
testing H1<-5.0
evaluate ot="H1.bs<-5.0" t="H1<-5.0", ctx="{'H1': 0.04986082974817331}"
testing Ar36<0.001
evaluate ot="Ar36.bs_corrected<0.001" t="Ar36<0.001", ctx="{'Ar36': 0.010380522762864015}"
testing H1<-5.0
evaluate ot="H1.bs<-5.0" t="H1<-5.0", ctx="{'H1': 0.04986082974817331}"
testing Ar36<0.001
evaluate ot="Ar36.bs_corrected<0.001" t="Ar36<0.001", ctx="{'Ar36': 0.010328694470312373}"
testing H1<-5.0
evaluate ot="H1.bs<-5.0" t="H1<-5.0", ctx="{'H1': 0.04986082974817331}"
testing Ar36<0.001
evaluate ot="Ar36.bs_corrected<0.001" t="Ar36<0.001", ctx="{'Ar36': 0.010225516706813776}"
testing H1<-5.0
evaluate ot="H1.bs<-5.0" t="H1<-5.0", ctx="{'H1': 0.04986082974817331}"
testing Ar36<0.001
evaluate ot="Ar36.bs_corrected<0.001" t="Ar36<0.001", ctx="{'Ar36': 0.010194654041494345}"
testing H1<-5.0
evaluate ot="H1.bs<-5.0" t="H1<-5.0", ctx="{'H1': 0.04986082974817331}"
testing Ar36<0.001
evaluate ot="Ar36.bs_corrected<0.001" t="Ar36<0.001", ctx="{'Ar36': 0.010139238349429263}"
22:23:48 -- collecting point 275
testing H1<-5.0
evaluate ot="H1.bs<-5.0" t="H1<-5.0", ctx="{'H1': 0.04986082974817331}"
testing Ar36<0.001
evaluate ot="Ar36.bs_corrected<0.001" t="Ar36<0.001", ctx="{'Ar36': 0.010116833828592929}"
testing H1<-5.0
evaluate ot="H1.bs<-5.0" t="H1<-5.0", ctx="{'H1': 0.04986082974817331}"
testing Ar36<0.001
evaluate ot="Ar36.bs_corrected<0.001" t="Ar36<0.001", ctx="{'Ar36': 0.010103501305916368}"
testing H1<-5.0
evaluate ot="H1.bs<-5.0" t="H1<-5.0", ctx="{'H1': 0.04986082974817331}"
testing Ar36<0.001
evaluate ot="Ar36.bs_corrected<0.001" t="Ar36<0.001", ctx="{'Ar36': 0.01006883044993092}"
testing H1<-5.0
evaluate ot="H1.bs<-5.0" t="H1<-5.0", ctx="{'H1': 0.04986082974817331}"
testing Ar36<0.001
evaluate ot="Ar36.bs_corrected<0.001" t="Ar36<0.001", ctx="{'Ar36': 0.009993690082610225}"
testing H1<-5.0
evaluate ot="H1.bs<-5.0" t="H1<-5.0", ctx="{'H1': 0.04986082974817331}"
testing Ar36<0.001
evaluate ot="Ar36.bs_corrected<0.001" t="Ar36<0.001", ctx="{'Ar36': 0.009996803580695603}"
22:24:14 -- collecting point 300
testing H1<-5.0
evaluate ot="H1.bs<-5.0" t="H1<-5.0", ctx="{'H1': 0.04986082974817331}"
testing Ar36<0.001
evaluate ot="Ar36.bs_corrected<0.001" t="Ar36<0.001", ctx="{'Ar36': 0.009965197790872534}"
testing H1<-5.0
evaluate ot="H1.bs<-5.0" t="H1<-5.0", ctx="{'H1': 0.04986082974817331}"
testing Ar36<0.001
evaluate ot="Ar36.bs_corrected<0.001" t="Ar36<0.001", ctx="{'Ar36': 0.009883203410249413}"
testing H1<-5.0
evaluate ot="H1.bs<-5.0" t="H1<-5.0", ctx="{'H1': 0.04986082974817331}"
testing Ar36<0.001
evaluate ot="Ar36.bs_corrected<0.001" t="Ar36<0.001", ctx="{'Ar36': 0.009905866241162178}"
testing H1<-5.0
evaluate ot="H1.bs<-5.0" t="H1<-5.0", ctx="{'H1': 0.04986082974817331}"
testing Ar36<0.001
evaluate ot="Ar36.bs_corrected<0.001" t="Ar36<0.001", ctx="{'Ar36': 0.009871869766633028}"
testing H1<-5.0
evaluate ot="H1.bs<-5.0" t="H1<-5.0", ctx="{'H1': 0.04986082974817331}"
testing Ar36<0.001
evaluate ot="Ar36.bs_corrected<0.001" t="Ar36<0.001", ctx="{'Ar36': 0.009769751482107973}"
22:24:41 -- collecting point 325
testing H1<-5.0
evaluate ot="H1.bs<-5.0" t="H1<-5.0", ctx="{'H1': 0.04986082974817331}"
testing Ar36<0.001
evaluate ot="Ar36.bs_corrected<0.001" t="Ar36<0.001", ctx="{'Ar36': 0.009753510449295044}"
testing H1<-5.0
evaluate ot="H1.bs<-5.0" t="H1<-5.0", ctx="{'H1': 0.04986082974817331}"
testing Ar36<0.001
evaluate ot="Ar36.bs_corrected<0.001" t="Ar36<0.001", ctx="{'Ar36': 0.00971687149402433}"
testing H1<-5.0
evaluate ot="H1.bs<-5.0" t="H1<-5.0", ctx="{'H1': 0.04986082974817331}"
testing Ar36<0.001
evaluate ot="Ar36.bs_corrected<0.001" t="Ar36<0.001", ctx="{'Ar36': 0.009716020873341934}"
testing H1<-5.0
evaluate ot="H1.bs<-5.0" t="H1<-5.0", ctx="{'H1': 0.04986082974817331}"
testing Ar36<0.001
evaluate ot="Ar36.bs_corrected<0.001" t="Ar36<0.001", ctx="{'Ar36': 0.009692673580216792}"
testing H1<-5.0
evaluate ot="H1.bs<-5.0" t="H1<-5.0", ctx="{'H1': 0.04986082974817331}"
testing Ar36<0.001
evaluate ot="Ar36.bs_corrected<0.001" t="Ar36<0.001", ctx="{'Ar36': 0.0096633886111502}"
22:25:07 -- collecting point 350
testing H1<-5.0
evaluate ot="H1.bs<-5.0" t="H1<-5.0", ctx="{'H1': 0.04986082974817331}"
testing Ar36<0.001
evaluate ot="Ar36.bs_corrected<0.001" t="Ar36<0.001", ctx="{'Ar36': 0.009649990055959116}"
testing H1<-5.0
evaluate ot="H1.bs<-5.0" t="H1<-5.0", ctx="{'H1': 0.04986082974817331}"
testing Ar36<0.001
evaluate ot="Ar36.bs_corrected<0.001" t="Ar36<0.001", ctx="{'Ar36': 0.009636534685886702}"
testing H1<-5.0
evaluate ot="H1.bs<-5.0" t="H1<-5.0", ctx="{'H1': 0.04986082974817331}"
testing Ar36<0.001
evaluate ot="Ar36.bs_corrected<0.001" t="Ar36<0.001", ctx="{'Ar36': 0.009665319826238854}"
testing H1<-5.0
evaluate ot="H1.bs<-5.0" t="H1<-5.0", ctx="{'H1': 0.04986082974817331}"
testing Ar36<0.001
evaluate ot="Ar36.bs_corrected<0.001" t="Ar36<0.001", ctx="{'Ar36': 0.009684543434071276}"
testing H1<-5.0
evaluate ot="H1.bs<-5.0" t="H1<-5.0", ctx="{'H1': 0.04986082974817331}"
testing Ar36<0.001
evaluate ot="Ar36.bs_corrected<0.001" t="Ar36<0.001", ctx="{'Ar36': 0.00968823495877407}"
22:25:33 -- collecting point 375
testing H1<-5.0
evaluate ot="H1.bs<-5.0" t="H1<-5.0", ctx="{'H1': 0.04986082974817331}"
testing Ar36<0.001
evaluate ot="Ar36.bs_corrected<0.001" t="Ar36<0.001", ctx="{'Ar36': 0.009709691778211444}"
testing H1<-5.0
evaluate ot="H1.bs<-5.0" t="H1<-5.0", ctx="{'H1': 0.04986082974817331}"
testing Ar36<0.001
evaluate ot="Ar36.bs_corrected<0.001" t="Ar36<0.001", ctx="{'Ar36': 0.009710067996735091}"
testing H1<-5.0
evaluate ot="H1.bs<-5.0" t="H1<-5.0", ctx="{'H1': 0.04986082974817331}"
testing Ar36<0.001
evaluate ot="Ar36.bs_corrected<0.001" t="Ar36<0.001", ctx="{'Ar36': 0.009713035292863308}"
testing H1<-5.0
evaluate ot="H1.bs<-5.0" t="H1<-5.0", ctx="{'H1': 0.04986082974817331}"
testing Ar36<0.001
evaluate ot="Ar36.bs_corrected<0.001" t="Ar36<0.001", ctx="{'Ar36': 0.009705923387321425}"
testing H1<-5.0
evaluate ot="H1.bs<-5.0" t="H1<-5.0", ctx="{'H1': 0.04986082974817331}"
testing Ar36<0.001
evaluate ot="Ar36.bs_corrected<0.001" t="Ar36<0.001", ctx="{'Ar36': 0.009696929916007499}"
22:25:59 -- collecting point 400
waiting for write to finish
measurement finished
estimated time: 419.430 actual time: :420.515
flush and close file /Users/jan/Pychron/data/isotopes/23/d7209e-f5ad-484d-bf9f-f813441633fa.h5
baselines () {'settling_time': 15.0, 'detector': 'H1', 'mass': 34.2, 'ncounts': 120}
%%%%%%%%%%%%%%%%%%%%%%%%%%%%%%%% Baseline
build tables- baseline [Detector(H2), Detector(H1), Detector(AX), Detector(L1), Detector(L2), Detector(CDD)]
add group baseline table H2
add group baseline table H1
add group baseline table AX
add group baseline table L1
add group baseline table L2
add group baseline table CDD
flush and close file /Users/jan/Pychron/data/isotopes/23/d7209e-f5ad-484d-bf9f-f813441633fa.h5
detector Detector(H1)
POSITION 34.2 H1
Mapping mass to dac mass func: "parabolic"
H1 map mass coeffs = [ -3.11428344e-04   1.33794662e-01   1.02952323e+00]
H1 map mass to dac 34.2 >> 5.24104160773
GetDeflection H1 ===>> 0
GetHighVoltage ===>> 4500
positioning 34.2 (5.24104160773) on H1
setting magnet DAC
current  : 5.878930
requested: 5.241042
Delta Dac: 0.637888
Checking detector protection. dv=0.63789
Checking detector "CDD". Protection Threshold: 0.5 (V)
ProtectDetector CDD,On ===>> OK
GetDeflection CDD ===>> 2000
Protected = 2000
AF Demag not enabled. self.use_af_demag=False, use_af_demag=False
SetMagnetDAC 5.24104160773 ===>> OK
Magnet settling time: 0.500 0.500
Magnet settling complete
Wait for magnet to stop moving
GetMagnetMoving ===>> True
GetMagnetMoving ===>> True
GetMagnetMoving ===>> True
GetMagnetMoving ===>> True
GetMagnetMoving ===>> True
GetMagnetMoving ===>> True
GetMagnetMoving ===>> True
GetMagnetMoving ===>> True
GetMagnetMoving ===>> True
GetMagnetMoving ===>> False
Magnet move complete
Unprotect detectors
ProtectDetector CDD,Off ===>> OK
GetDeflection CDD ===>> 50
set_dac. change=True
Delaying 15.0s for detectors to settle
Join finished
measuring baseline. ncounts=120
"baseline" increment series count="2" fit count="1" regressing="True"
starting measurement
measurement period (ms) = 1048.576
testing H1<-5.0
evaluate ot="H1.bs<-5.0" t="H1<-5.0", ctx="{'H1': 0.05385479049444537}"
testing H1<-5.0
evaluate ot="H1.bs<-5.0" t="H1<-5.0", ctx="{'H1': 0.05470324920355456}"
testing H1<-5.0
evaluate ot="H1.bs<-5.0" t="H1<-5.0", ctx="{'H1': 0.04383980878986957}"
testing H1<-5.0
evaluate ot="H1.bs<-5.0" t="H1<-5.0", ctx="{'H1': 0.05087749103542532}"
testing H1<-5.0
evaluate ot="H1.bs<-5.0" t="H1<-5.0", ctx="{'H1': 0.050442745780164173}"
22:26:44 -- collecting point 25
testing H1<-5.0
evaluate ot="H1.bs<-5.0" t="H1<-5.0", ctx="{'H1': 0.04899324076177253}"
testing H1<-5.0
evaluate ot="H1.bs<-5.0" t="H1<-5.0", ctx="{'H1': 0.04934876725324013}"
testing H1<-5.0
evaluate ot="H1.bs<-5.0" t="H1<-5.0", ctx="{'H1': 0.046885457157760636}"
testing H1<-5.0
evaluate ot="H1.bs<-5.0" t="H1<-5.0", ctx="{'H1': 0.05238049217858516}"
testing H1<-5.0
evaluate ot="H1.bs<-5.0" t="H1<-5.0", ctx="{'H1': 0.05265970342681395}"
22:27:11 -- collecting point 50
testing H1<-5.0
evaluate ot="H1.bs<-5.0" t="H1<-5.0", ctx="{'H1': 0.053938453757745725}"
testing H1<-5.0
evaluate ot="H1.bs<-5.0" t="H1<-5.0", ctx="{'H1': 0.058075068418666276}"
testing H1<-5.0
evaluate ot="H1.bs<-5.0" t="H1<-5.0", ctx="{'H1': 0.056910109987087155}"
testing H1<-5.0
evaluate ot="H1.bs<-5.0" t="H1<-5.0", ctx="{'H1': 0.05471281157807187}"
testing H1<-5.0
evaluate ot="H1.bs<-5.0" t="H1<-5.0", ctx="{'H1': 0.053714304043412944}"
22:27:37 -- collecting point 75
testing H1<-5.0
evaluate ot="H1.bs<-5.0" t="H1<-5.0", ctx="{'H1': 0.053671400539053206}"
testing Ar36<0.001
evaluate ot="Ar36.bs_corrected<0.001" t="Ar36<0.001", ctx="{'Ar36': 0.00972077338572731}"
testing H1<-5.0
evaluate ot="H1.bs<-5.0" t="H1<-5.0", ctx="{'H1': 0.05400246219644901}"
testing Ar36<0.001
evaluate ot="Ar36.bs_corrected<0.001" t="Ar36<0.001", ctx="{'Ar36': 0.009719342691526852}"
testing H1<-5.0
evaluate ot="H1.bs<-5.0" t="H1<-5.0", ctx="{'H1': 0.05346850644300816}"
testing Ar36<0.001
evaluate ot="Ar36.bs_corrected<0.001" t="Ar36<0.001", ctx="{'Ar36': 0.009716405950552174}"
testing H1<-5.0
evaluate ot="H1.bs<-5.0" t="H1<-5.0", ctx="{'H1': 0.056257361500762715}"
testing Ar36<0.001
evaluate ot="Ar36.bs_corrected<0.001" t="Ar36<0.001", ctx="{'Ar36': 0.009715359768244058}"
testing H1<-5.0
evaluate ot="H1.bs<-5.0" t="H1<-5.0", ctx="{'H1': 0.056327049535493987}"
testing Ar36<0.001
evaluate ot="Ar36.bs_corrected<0.001" t="Ar36<0.001", ctx="{'Ar36': 0.009715917696319694}"
22:28:03 -- collecting point 100
testing H1<-5.0
evaluate ot="H1.bs<-5.0" t="H1<-5.0", ctx="{'H1': 0.05535101442921821}"
testing Ar36<0.001
evaluate ot="Ar36.bs_corrected<0.001" t="Ar36<0.001", ctx="{'Ar36': 0.009714995582225458}"
testing H1<-5.0
evaluate ot="H1.bs<-5.0" t="H1<-5.0", ctx="{'H1': 0.05573669550290888}"
testing Ar36<0.001
evaluate ot="Ar36.bs_corrected<0.001" t="Ar36<0.001", ctx="{'Ar36': 0.009715519030019777}"
testing H1<-5.0
evaluate ot="H1.bs<-5.0" t="H1<-5.0", ctx="{'H1': 0.05594706551562424}"
testing Ar36<0.001
evaluate ot="Ar36.bs_corrected<0.001" t="Ar36<0.001", ctx="{'Ar36': 0.00971599656134091}"
testing H1<-5.0
evaluate ot="H1.bs<-5.0" t="H1<-5.0", ctx="{'H1': 0.05554403734023313}"
testing Ar36<0.001
evaluate ot="Ar36.bs_corrected<0.001" t="Ar36<0.001", ctx="{'Ar36': 0.009716433963979596}"
waiting for write to finish
measurement finished
estimated time: 125.829 actual time: :126.209
flush and close file /Users/jan/Pychron/data/isotopes/23/d7209e-f5ad-484d-bf9f-f813441633fa.h5
activate_detectors ('H1', 'AX', 'L2', 'CDD') {'peak_center': True}
peak_center () {'detector': 'H1', 'integration_time': 0.262144, 'isotope': 'Ar40'}
peak center: mean=6.29073884756 threshold=5.0
peak center started
setup peak center. detector=['H1', 'AX', 'L2', 'CDD'], isotope=Ar40
VersionedUnpickler [<apptools.sweet_pickle.versioned_unpickler.VersionedUnpickler object at 0x1611d7350>] using Updater [<apptools.sweet_pickle.updater.Updater object at 0x12eb47170>]
VersionedUnpickler [<apptools.sweet_pickle.versioned_unpickler.VersionedUnpickler object at 0x1611d7350>] using Updater [<apptools.sweet_pickle.updater.Updater object at 0x12eb47170>]
VersionedUnpickler [<apptools.sweet_pickle.versioned_unpickler.VersionedUnpickler object at 0x166011830>] using Updater [<apptools.sweet_pickle.updater.Updater object at 0x12eb47170>]
Mapping mass to dac mass func: "parabolic"
H1 map mass coeffs = [ -3.11428344e-04   1.33794662e-01   1.02952323e+00]
H1 map mass to dac 39.9624 >> 5.87893
GetDeflection H1 ===>> 0
GetHighVoltage ===>> 4500
do peak center. <pychron.spectrometer.jobs.peak_center.PeakCenter object at 0x12eb47110>
doing pc
starting peak center. center dac= 5.87893 step_width=0.001
width = 0.001
get scan parameters. half-width=0.015,window=0.015, i=0, scalar=1
Scan parameters center=5.87893 width=0.03000 (5.86393 - 5.89393)
Moving to starting dac 5.86393
setting magnet DAC
current  : 5.241042
requested: 5.863930
Delta Dac: 0.622888
Checking detector protection. dv=0.62289
Checking detector "CDD". Protection Threshold: 0.5 (V)
ProtectDetector CDD,On ===>> OK
GetDeflection CDD ===>> 2000
Protected = 2000
AF Demag not enabled. self.use_af_demag=False, use_af_demag=True
SetMagnetDAC 5.86393 ===>> OK
Magnet settling time: 0.500 0.500
Magnet settling complete
Wait for magnet to stop moving
GetMagnetMoving ===>> True
GetMagnetMoving ===>> True
GetMagnetMoving ===>> True
GetMagnetMoving ===>> True
GetMagnetMoving ===>> True
GetMagnetMoving ===>> True
GetMagnetMoving ===>> True
GetMagnetMoving ===>> True
GetMagnetMoving ===>> True
GetMagnetMoving ===>> False
Magnet move complete
Unprotect detectors
ProtectDetector CDD,Off ===>> OK
GetDeflection CDD ===>> 50
set_dac. change=True
Wait until signal near baseline. tol= -0.00410936975942. timeout= 10
no intensity change cnt= 0
signals=[ 0.26619886  0.13993035  0.13002653  0.02286962 -0.0460539   0.        ]
prev_signals=[ 0.26619886  0.13993035  0.13002653  0.02286962 -0.0460539   0.        ]
resetting no_intensity_change_cnt
signals=[-0.01385124  0.10558015  0.05432576 -0.03200935 -0.07166797  0.        ]
prev_signals=[ 0.26619886  0.13993035  0.13002653  0.02286962 -0.0460539   0.        ]
no intensity change cnt= 0
signals=[-0.01385124  0.10558015  0.05432576 -0.03200935 -0.07166797  0.        ]
prev_signals=[-0.01385124  0.10558015  0.05432576 -0.03200935 -0.07166797  0.        ]
resetting no_intensity_change_cnt
signals=[-0.04738332  0.07020425  0.12692401 -0.00194021  0.03232116  0.        ]
prev_signals=[-0.01385124  0.10558015  0.05432576 -0.03200935 -0.07166797  0.        ]
no intensity change cnt= 0
signals=[-0.04738332  0.07020425  0.12692401 -0.00194021  0.03232116  0.        ]
prev_signals=[-0.04738332  0.07020425  0.12692401 -0.00194021  0.03232116  0.        ]
resetting no_intensity_change_cnt
signals=[-0.1655346   0.07139676  0.02149318 -0.00201189 -0.01442287  0.        ]
prev_signals=[-0.04738332  0.07020425  0.12692401 -0.00194021  0.03232116  0.        ]
no intensity change cnt= 0
signals=[-0.1655346   0.07139676  0.02149318 -0.00201189 -0.01442287  0.        ]
prev_signals=[-0.1655346   0.07139676  0.02149318 -0.00201189 -0.01442287  0.        ]
resetting no_intensity_change_cnt
signals=[-0.16325383  0.08260705  0.13079929 -0.01511137 -0.06166434  0.        ]
prev_signals=[-0.1655346   0.07139676  0.02149318 -0.00201189 -0.01442287  0.        ]
no intensity change cnt= 0
signals=[-0.16325383  0.08260705  0.13079929 -0.01511137 -0.06166434  0.        ]
prev_signals=[-0.16325383  0.08260705  0.13079929 -0.01511137 -0.06166434  0.        ]
resetting no_intensity_change_cnt
signals=[-0.08171256  0.0832153   0.22231717 -0.03801461  0.02182884  0.        ]
prev_signals=[-0.16325383  0.08260705  0.13079929 -0.01511137 -0.06166434  0.        ]
no intensity change cnt= 0
signals=[-0.08171256  0.0832153   0.22231717 -0.03801461  0.02182884  0.        ]
prev_signals=[-0.08171256  0.0832153   0.22231717 -0.03801461  0.02182884  0.        ]
resetting no_intensity_change_cnt
signals=[-0.07464152  0.05467906  0.11235849 -0.04894515 -0.03826397  0.        ]
prev_signals=[-0.08171256  0.0832153   0.22231717 -0.03801461  0.02182884  0.        ]
no intensity change cnt= 0
signals=[-0.07464152  0.05467906  0.11235849 -0.04894515 -0.03826397  0.        ]
prev_signals=[-0.07464152  0.05467906  0.11235849 -0.04894515 -0.03826397  0.        ]
resetting no_intensity_change_cnt
signals=[-0.15903438  0.06034273  0.09017421 -0.04125568 -0.1033233   0.        ]
prev_signals=[-0.07464152  0.05467906  0.11235849 -0.04894515 -0.03826397  0.        ]
no intensity change cnt= 0
signals=[-0.15903438  0.06034273  0.09017421 -0.04125568 -0.1033233   0.        ]
prev_signals=[-0.15903438  0.06034273  0.09017421 -0.04125568 -0.1033233   0.        ]
resetting no_intensity_change_cnt
signals=[-0.15835014  0.10029563 -0.08031309 -0.03653562 -0.16435754  0.        ]
prev_signals=[-0.15903438  0.06034273  0.09017421 -0.04125568 -0.1033233   0.        ]
no intensity change cnt= 0
signals=[-0.15835014  0.10029563 -0.08031309 -0.03653562 -0.16435754  0.        ]
prev_signals=[-0.15835014  0.10029563 -0.08031309 -0.03653562 -0.16435754  0.        ]
resetting no_intensity_change_cnt
signals=[-0.15127967  0.02576952  0.16532614 -0.01274191 -0.00784754  0.        ]
prev_signals=[-0.15835014  0.10029563 -0.08031309 -0.03653562 -0.16435754  0.        ]
no intensity change cnt= 0
signals=[-0.15127967  0.02576952  0.16532614 -0.01274191 -0.00784754  0.        ]
prev_signals=[-0.15127967  0.02576952  0.16532614 -0.01274191 -0.00784754  0.        ]
Peak center failed to move to a baseline position
_do_sweep sm= 5.86393, em= 5.89393, stm= 0.001
calculated step values: start=5.86393, end=5.89393, width=0.001, nsteps=31.0
setting magnet DAC
current  : 5.863930
requested: 5.863930
Delta Dac: 0.000000
Checking detector protection. dv=0.00000
Checking detector "CDD". Protection Threshold: 0.5 (V)
AF Demag not enabled. self.use_af_demag=False, use_af_demag=True
SetMagnetDAC 5.86393 ===>> OK
set_dac. change=False
no intensity change cnt= 1
signals=[-0.15127967  0.02576952  0.16532614 -0.01274191 -0.00784754  0.        ]
prev_signals=[-0.15127967  0.02576952  0.16532614 -0.01274191 -0.00784754  0.        ]
setting magnet DAC
current  : 5.863930
requested: 5.864964
Delta Dac: 0.001034
Checking detector protection. dv=0.00103
Checking detector "CDD". Protection Threshold: 0.5 (V)
AF Demag not enabled. self.use_af_demag=False, use_af_demag=True
SetMagnetDAC 5.86496448276 ===>> OK
Magnet settling time: 2.097 0.500
Magnet settling complete
set_dac. change=True
resetting no_intensity_change_cnt
signals=[-0.08433567  0.02847533  0.18908564 -0.05183968 -0.01564007  0.        ]
prev_signals=[-0.15127967  0.02576952  0.16532614 -0.01274191 -0.00784754  0.        ]
setting magnet DAC
current  : 5.864964
requested: 5.865999
Delta Dac: 0.001034
Checking detector protection. dv=0.00103
Checking detector "CDD". Protection Threshold: 0.5 (V)
AF Demag not enabled. self.use_af_demag=False, use_af_demag=True
SetMagnetDAC 5.86599896552 ===>> OK
Magnet settling time: 2.097 0.500
Magnet settling complete
set_dac. change=True
setting magnet DAC
current  : 5.865999
requested: 5.867033
Delta Dac: 0.001034
Checking detector protection. dv=0.00103
Checking detector "CDD". Protection Threshold: 0.5 (V)
AF Demag not enabled. self.use_af_demag=False, use_af_demag=True
SetMagnetDAC 5.86703344828 ===>> OK
Magnet settling time: 2.097 0.500
Magnet settling complete
set_dac. change=True
setting magnet DAC
current  : 5.867033
requested: 5.868068
Delta Dac: 0.001034
Checking detector protection. dv=0.00103
Checking detector "CDD". Protection Threshold: 0.5 (V)
AF Demag not enabled. self.use_af_demag=False, use_af_demag=True
SetMagnetDAC 5.86806793103 ===>> OK
Magnet settling time: 2.097 0.500
Magnet settling complete
set_dac. change=True
setting magnet DAC
current  : 5.868068
requested: 5.869102
Delta Dac: 0.001034
Checking detector protection. dv=0.00103
Checking detector "CDD". Protection Threshold: 0.5 (V)
AF Demag not enabled. self.use_af_demag=False, use_af_demag=True
SetMagnetDAC 5.86910241379 ===>> OK
Magnet settling time: 2.097 0.500
Magnet settling complete
set_dac. change=True
setting magnet DAC
current  : 5.869102
requested: 5.870137
Delta Dac: 0.001034
Checking detector protection. dv=0.00103
Checking detector "CDD". Protection Threshold: 0.5 (V)
AF Demag not enabled. self.use_af_demag=False, use_af_demag=True
SetMagnetDAC 5.87013689655 ===>> OK
Magnet settling time: 2.097 0.500
Magnet settling complete
set_dac. change=True
setting magnet DAC
current  : 5.870137
requested: 5.871171
Delta Dac: 0.001034
Checking detector protection. dv=0.00103
Checking detector "CDD". Protection Threshold: 0.5 (V)
AF Demag not enabled. self.use_af_demag=False, use_af_demag=True
SetMagnetDAC 5.87117137931 ===>> OK
Magnet settling time: 2.097 0.500
Magnet settling complete
set_dac. change=True
setting magnet DAC
current  : 5.871171
requested: 5.872206
Delta Dac: 0.001034
Checking detector protection. dv=0.00103
Checking detector "CDD". Protection Threshold: 0.5 (V)
AF Demag not enabled. self.use_af_demag=False, use_af_demag=True
SetMagnetDAC 5.87220586207 ===>> OK
Magnet settling time: 2.097 0.500
Magnet settling complete
set_dac. change=True
setting magnet DAC
current  : 5.872206
requested: 5.873240
Delta Dac: 0.001034
Checking detector protection. dv=0.00103
Checking detector "CDD". Protection Threshold: 0.5 (V)
AF Demag not enabled. self.use_af_demag=False, use_af_demag=True
SetMagnetDAC 5.87324034483 ===>> OK
Magnet settling time: 2.097 0.500
Magnet settling complete
set_dac. change=True
setting magnet DAC
current  : 5.873240
requested: 5.874275
Delta Dac: 0.001034
Checking detector protection. dv=0.00103
Checking detector "CDD". Protection Threshold: 0.5 (V)
AF Demag not enabled. self.use_af_demag=False, use_af_demag=True
SetMagnetDAC 5.87427482759 ===>> OK
Magnet settling time: 2.097 0.500
Magnet settling complete
set_dac. change=True
setting magnet DAC
current  : 5.874275
requested: 5.875309
Delta Dac: 0.001034
Checking detector protection. dv=0.00103
Checking detector "CDD". Protection Threshold: 0.5 (V)
AF Demag not enabled. self.use_af_demag=False, use_af_demag=True
SetMagnetDAC 5.87530931034 ===>> OK
Magnet settling time: 2.097 0.500
Magnet settling complete
set_dac. change=True
setting magnet DAC
current  : 5.875309
requested: 5.876344
Delta Dac: 0.001034
Checking detector protection. dv=0.00103
Checking detector "CDD". Protection Threshold: 0.5 (V)
AF Demag not enabled. self.use_af_demag=False, use_af_demag=True
SetMagnetDAC 5.8763437931 ===>> OK
Magnet settling time: 2.097 0.500
Magnet settling complete
set_dac. change=True
setting magnet DAC
current  : 5.876344
requested: 5.877378
Delta Dac: 0.001034
Checking detector protection. dv=0.00103
Checking detector "CDD". Protection Threshold: 0.5 (V)
AF Demag not enabled. self.use_af_demag=False, use_af_demag=True
SetMagnetDAC 5.87737827586 ===>> OK
Magnet settling time: 2.097 0.500
Magnet settling complete
set_dac. change=True
setting magnet DAC
current  : 5.877378
requested: 5.878413
Delta Dac: 0.001034
Checking detector protection. dv=0.00103
Checking detector "CDD". Protection Threshold: 0.5 (V)
AF Demag not enabled. self.use_af_demag=False, use_af_demag=True
SetMagnetDAC 5.87841275862 ===>> OK
Magnet settling time: 2.097 0.500
Magnet settling complete
set_dac. change=True
setting magnet DAC
current  : 5.878413
requested: 5.879447
Delta Dac: 0.001034
Checking detector protection. dv=0.00103
Checking detector "CDD". Protection Threshold: 0.5 (V)
AF Demag not enabled. self.use_af_demag=False, use_af_demag=True
SetMagnetDAC 5.87944724138 ===>> OK
Magnet settling time: 2.097 0.500
Magnet settling complete
set_dac. change=True
setting magnet DAC
current  : 5.879447
requested: 5.880482
Delta Dac: 0.001034
Checking detector protection. dv=0.00103
Checking detector "CDD". Protection Threshold: 0.5 (V)
AF Demag not enabled. self.use_af_demag=False, use_af_demag=True
SetMagnetDAC 5.88048172414 ===>> OK
Magnet settling time: 2.097 0.500
Magnet settling complete
set_dac. change=True
setting magnet DAC
current  : 5.880482
requested: 5.881516
Delta Dac: 0.001034
Checking detector protection. dv=0.00103
Checking detector "CDD". Protection Threshold: 0.5 (V)
AF Demag not enabled. self.use_af_demag=False, use_af_demag=True
SetMagnetDAC 5.8815162069 ===>> OK
Magnet settling time: 2.097 0.500
Magnet settling complete
set_dac. change=True
setting magnet DAC
current  : 5.881516
requested: 5.882551
Delta Dac: 0.001034
Checking detector protection. dv=0.00103
Checking detector "CDD". Protection Threshold: 0.5 (V)
AF Demag not enabled. self.use_af_demag=False, use_af_demag=True
SetMagnetDAC 5.88255068966 ===>> OK
Magnet settling time: 2.097 0.500
Magnet settling complete
set_dac. change=True
setting magnet DAC
current  : 5.882551
requested: 5.883585
Delta Dac: 0.001034
Checking detector protection. dv=0.00103
Checking detector "CDD". Protection Threshold: 0.5 (V)
AF Demag not enabled. self.use_af_demag=False, use_af_demag=True
SetMagnetDAC 5.88358517241 ===>> OK
Magnet settling time: 2.097 0.500
Magnet settling complete
set_dac. change=True
setting magnet DAC
current  : 5.883585
requested: 5.884620
Delta Dac: 0.001034
Checking detector protection. dv=0.00103
Checking detector "CDD". Protection Threshold: 0.5 (V)
AF Demag not enabled. self.use_af_demag=False, use_af_demag=True
SetMagnetDAC 5.88461965517 ===>> OK
Magnet settling time: 2.097 0.500
Magnet settling complete
set_dac. change=True
setting magnet DAC
current  : 5.884620
requested: 5.885654
Delta Dac: 0.001034
Checking detector protection. dv=0.00103
Checking detector "CDD". Protection Threshold: 0.5 (V)
AF Demag not enabled. self.use_af_demag=False, use_af_demag=True
SetMagnetDAC 5.88565413793 ===>> OK
Magnet settling time: 2.097 0.500
Magnet settling complete
set_dac. change=True
setting magnet DAC
current  : 5.885654
requested: 5.886689
Delta Dac: 0.001034
Checking detector protection. dv=0.00103
Checking detector "CDD". Protection Threshold: 0.5 (V)
AF Demag not enabled. self.use_af_demag=False, use_af_demag=True
SetMagnetDAC 5.88668862069 ===>> OK
Magnet settling time: 2.097 0.500
Magnet settling complete
set_dac. change=True
setting magnet DAC
current  : 5.886689
requested: 5.887723
Delta Dac: 0.001034
Checking detector protection. dv=0.00103
Checking detector "CDD". Protection Threshold: 0.5 (V)
AF Demag not enabled. self.use_af_demag=False, use_af_demag=True
SetMagnetDAC 5.88772310345 ===>> OK
Magnet settling time: 2.097 0.500
Magnet settling complete
set_dac. change=True
setting magnet DAC
current  : 5.887723
requested: 5.888758
Delta Dac: 0.001034
Checking detector protection. dv=0.00103
Checking detector "CDD". Protection Threshold: 0.5 (V)
AF Demag not enabled. self.use_af_demag=False, use_af_demag=True
SetMagnetDAC 5.88875758621 ===>> OK
Magnet settling time: 2.097 0.500
Magnet settling complete
set_dac. change=True
setting magnet DAC
current  : 5.888758
requested: 5.889792
Delta Dac: 0.001034
Checking detector protection. dv=0.00103
Checking detector "CDD". Protection Threshold: 0.5 (V)
AF Demag not enabled. self.use_af_demag=False, use_af_demag=True
SetMagnetDAC 5.88979206897 ===>> OK
Magnet settling time: 2.097 0.500
Magnet settling complete
set_dac. change=True
setting magnet DAC
current  : 5.889792
requested: 5.890827
Delta Dac: 0.001034
Checking detector protection. dv=0.00103
Checking detector "CDD". Protection Threshold: 0.5 (V)
AF Demag not enabled. self.use_af_demag=False, use_af_demag=True
SetMagnetDAC 5.89082655172 ===>> OK
Magnet settling time: 2.097 0.500
Magnet settling complete
set_dac. change=True
setting magnet DAC
current  : 5.890827
requested: 5.891861
Delta Dac: 0.001034
Checking detector protection. dv=0.00103
Checking detector "CDD". Protection Threshold: 0.5 (V)
AF Demag not enabled. self.use_af_demag=False, use_af_demag=True
SetMagnetDAC 5.89186103448 ===>> OK
Magnet settling time: 2.097 0.500
Magnet settling complete
set_dac. change=True
setting magnet DAC
current  : 5.891861
requested: 5.892896
Delta Dac: 0.001034
Checking detector protection. dv=0.00103
Checking detector "CDD". Protection Threshold: 0.5 (V)
AF Demag not enabled. self.use_af_demag=False, use_af_demag=True
SetMagnetDAC 5.89289551724 ===>> OK
Magnet settling time: 2.097 0.500
Magnet settling complete
set_dac. change=True
setting magnet DAC
current  : 5.892896
requested: 5.893930
Delta Dac: 0.001034
Checking detector protection. dv=0.00103
Checking detector "CDD". Protection Threshold: 0.5 (V)
AF Demag not enabled. self.use_af_demag=False, use_af_demag=True
SetMagnetDAC 5.89393 ===>> OK
Magnet settling time: 2.097 0.500
Magnet settling complete
set_dac. change=True
result of _do_sweep=True
result of _calculate_peak_center=([5.8711143687374765, 5.8788999398797612, 5.886685511022046], [5.3815888048748963, 7.3130712359513463, 5.3840614808045402], 5.8824470340681376, 7.3130712359513463)
Failed to find a valid peak. No peak greater than 1.0. max = 0.567219640372
Failed to find a valid peak. No peak greater than 1.0. max = 0.146781703113
Failed to find a valid peak. No peak greater than 1.0. max = 0.0171096358434
new center pos Detector(H1) (Ar40) @ 5.87889993988
GetHighVoltage ===>> 4500
GetDeflection H1 ===>> 0
dac uncorrected for HV and deflection 5.87889993988
update mftable H1 Ar40 5.87889993988 message=automated run peakcenter
get initial guess parabolic
get initial guess parabolic
get initial guess parabolic
get initial guess parabolic
get initial guess parabolic
get initial guess parabolic
dump mftable to /Users/jan/Pychron/setupfiles/spectrometer/mftables/mftable.csv
add to repo msg=modified - automated run peakcenter
locally archiving mftable
setting magnet DAC
current  : 5.893930
requested: 5.878900
Delta Dac: 0.015030
Checking detector protection. dv=0.01503
Checking detector "CDD". Protection Threshold: 0.5 (V)
AF Demag not enabled. self.use_af_demag=False, use_af_demag=True
sweep finished
SetMagnetDAC 5.87889993988 ===>> OK
Magnet settling time: 0.500 0.500
Magnet settling complete
set_dac. change=True
Failed to find a valid peak. No peak greater than 1.0. max = 0.567219640372
Failed to find a valid peak. No peak greater than 1.0. max = 0.146781703113
Failed to find a valid peak. No peak greater than 1.0. max = 0.0171096358434
flush and close file /Users/jan/Pychron/data/isotopes/23/d7209e-f5ad-484d-bf9f-f813441633fa.h5
finished measure script
executed snippet estimated_duration=552.28, duration=662.031385899
jan_unknown400_120.py completed successfully
Measurement Finished
22:29:44 -- ******* Measurement Finished *******
Post Measurement Started jan_pump_ms.py
22:29:44 -- ******* Post Measurement Started jan_pump_ms.py *******
testing...
no interpolation path defined
executed snippet estimated_duration=0, duration=2.40802764893e-05
Pumping spectrometer
open () {'name': 'O'}
open name=O desc=---
checking ownership. requestor=192.168.2.150
check software interlocks O
interlocks []
actuate state mode=None-script, software_lock=False
doing actuation None-script open_channel True
Open O ===>> OK
GetIndicatorState O ===>> OK
change switch state (True, True)
22:29:44 -- OPEN   VALVE-O (Jan Ion Pump)
-------------------------- open O () result=[(True, True)]
action=open, ok=True, locked=[False]
executed snippet estimated_duration=0, duration=0.34791302681
jan_pump_ms.py completed successfully
setting _ms_pumptime
Post Measurement Finished
22:29:44 -- ******* Post Measurement Finished *******
$$$$$$$$$$$$$$$$$$$$ state at run end measurement
state changed from measurement to success
post measurement save measured=True aborted=False
Set filtering
setting fod for Ar41= {'filter_outliers': True, 'std_devs': 2, 'iterations': 1}
setting fod for H2= {'filter_outliers': True, 'std_devs': 2, 'iterations': 1}
setting fod for Ar40= {'filter_outliers': True, 'std_devs': 2, 'iterations': 1}
setting fod for H1= {'filter_outliers': True, 'std_devs': 2, 'iterations': 1}
setting fod for Ar36= {'filter_outliers': True, 'std_devs': 2, 'iterations': 1}
setting fod for CDD= {'filter_outliers': True, 'std_devs': 10, 'iterations': 1}
setting fod for Ar37= {'filter_outliers': True, 'std_devs': 2, 'iterations': 1}
setting fod for L2= {'filter_outliers': True, 'std_devs': 2, 'iterations': 1}
setting fod for Ar38= {'filter_outliers': True, 'std_devs': 2, 'iterations': 1}
setting fod for L1= {'filter_outliers': True, 'std_devs': 2, 'iterations': 1}
setting fod for Ar39= {'filter_outliers': True, 'std_devs': 2, 'iterations': 1}
setting fod for AX= {'filter_outliers': True, 'std_devs': 2, 'iterations': 1}
not connected to db mysql://janexp@129.138.12.160/labspy
Enviromentals: {'lab_humiditys': [{'device': 'EnvironmentalMonitor',
                    'name': 'Lab Hum.',
                    'pub_date': '2017-10-24T20:49:26',
                    'title': 'iServer Hum.',
                    'value': 28.6}],
 'lab_pneumatics': [{'device': 'AirPressure',
                     'name': 'Pressure',
                     'pub_date': '2017-10-24T22:29:00',
                     'title': None,
                     'value': 101.175},
                    {'device': 'AirPressure2',
                     'name': 'Pressure2',
                     'pub_date': '2017-10-24T22:29:07',
                     'title': None,
                     'value': 102.39112}],
 'lab_temperatures': [{'device': 'Coldfinger',
                       'name': 'ColdFinger Temp.',
                       'pub_date': '2017-10-24T21:29:51',
                       'title': None,
                       'value': 70.0},
                      {'device': 'EnvironmentalMonitor',
                       'name': 'Lab Temp.',
                       'pub_date': '2017-10-24T21:36:54',
                       'title': 'iServer Temp.',
                       'value': 70.5},
                      {'device': 'Chiller',
                       'name': 'Coolant Temp.',
                       'pub_date': '2017-10-24T20:27:35',
                       'title': None,
                       'value': 18.0}]}
persistence save...
persistence save - db
post measurement save
5990510032 connecting to database sqlite://@/
connected to db sqlite://@/
create new session 5990510032
close session 5990510032
No database instance. Not saving post measurement to isotopedb database
$$$$$$$$$$$$$$$ auto_save_detector_ic=False
massspec enabled True
create new session 5049554704
MassSpec Database Version: 16.0
close session 5049554704
saving post measurement to secondary database
saving to massspec database 129.138.12.160/massspecdata
setting labnumber to 65891
setting aliquot to 4
setting step to A
setting uuid to 23d7209e-f5ad-484d-bf9f-f813441633fa
setting irradpos to 65891
setting extract_device to Fusions CO2
setting tray to 
setting position to 197
setting power_requested to 0.25
setting extract_value to 0.25
setting duration to 30.0
setting duration_at_request to 30.0
setting first_stage_delay to 30.0
setting cleanup to 30.0
setting comment to ~2 mg
setting irradiation to NM-292
setting level to D
setting irradiation_level to D
setting sample to PleistoceneAsh
setting material to Sanidine
setting project to IR951
setting mass_spectrometer to Jan
no attribute chron_dosages
no attribute production_ratios
no attribute interference_corrections
no attribute production_name
no attribute j
Reference Isotope=Ar40
Reference Detector=H1
%%%%%%%%%%%%%%%%%%%% Comment: ~2 mg %%%%%%%%%%%%%%%%%%%
adding isotope Ar41 H2
add baseline dbdet= Ar41. original det= H2
get baseline data Ar41 H2
Get data baseline <pychron.processing.isotope.Baseline object at 0x1538d7410> len t=120
baseline Ar41. v=-0.187009496053, e=0.0109958781636
get signal data Ar41 H2
Get data signal Ar41 0.028+/-0.012 len t=400
adding isotope Ar40 H1
add baseline dbdet= Ar40. original det= H1
get baseline data Ar40 H1
Get data baseline <pychron.processing.isotope.Baseline object at 0x1538d7a90> len t=120
baseline Ar40. v=0.0551848263983, e=0.00383186833995
get signal data Ar40 H1
Get data signal Ar40 2.167+/-0.010 len t=400
adding isotope Ar39 AX
add baseline dbdet= Ar39. original det= AX
get baseline data Ar39 AX
Get data baseline <pychron.processing.isotope.Baseline object at 0x1538d7110> len t=120
baseline Ar39. v=0.127567502285, e=0.00473099447448
get signal data Ar39 AX
Get data signal Ar39 0.064+/-0.009 len t=400
adding isotope Ar38 L1
add baseline dbdet= Ar38. original det= L1
get baseline data Ar38 L1
Get data baseline <pychron.processing.isotope.Baseline object at 0x1538d77d0> len t=120
baseline Ar38. v=-0.0361042450603, e=0.00156832418107
get signal data Ar38 L1
Get data signal Ar38 0.0143+/-0.0023 len t=400
adding isotope Ar37 L2
add baseline dbdet= Ar37. original det= L2
get baseline data Ar37 L2
Get data baseline <pychron.processing.isotope.Baseline object at 0x1538d7690> len t=120
baseline Ar37. v=-0.0309110168811, e=0.00413603047181
get signal data Ar37 L2
Get data signal Ar37 0.116+/-0.005 len t=400
adding isotope Ar36 CDD
add baseline dbdet= Ar36. original det= CDD
get baseline data Ar36 CDD
Get data baseline <pychron.processing.isotope.Baseline object at 0x1538d7fd0> len t=120
baseline Ar36. v=9.88967366067e-06, e=3.39213008065e-06
get signal data Ar36 CDD
Get data signal Ar36 0.00931+/-0.00023 len t=400
65891-04A added analysis time 0.579746961594s
analysis added to mass spec database
mass spec save time= 0.590
persistence save - dvc
================= post measurement started
create new session 4948756432
close session 4948756432
add to repo msg=modified - jan_unknown400_120.py
add to repo msg=modified - jan_co2.py
add to repo msg=modified - jan_pump_ms.py
add to repo msg=modified - jan_pump_extraction_line.py
---------------- Experiment Queue saving disabled
DVC saving peakcenter
Failed to find a valid peak. No peak greater than 1.0. max = 0.567219640372
Failed to find a valid peak. No peak greater than 1.0. max = 0.146781703113
Failed to find a valid peak. No peak greater than 1.0. max = 0.0171096358434
ahead behind
Smart pull ahead: 0 behind: 0
Up-to-date with origin
add to repo msg=modified - ad8224ebc6dbfeb9f5997218dfa5fe690569839d.json
add to repo msg=modified - 91-04A.json
add to repo msg=modified - 91-04A.dat.json
not at valid file /Users/jan/Pychron/data/.dvc/repositories/IR951/658/tags/91-04A.tags.json
add to repo msg=modified - 91-04A.peak.json
add to repo msg=modified - 91-04A.extr.json
not at valid file /Users/jan/Pychron/data/.dvc/repositories/IR951/658/monitor/91-04A.moni.json
commit message=<COLLECTION>
add to repo msg=modified - 91-04A.inte.json
add to repo msg=modified - 91-04A.base.json
commit message=<ISOEVO> default collection fits
add to repo msg=modified - 91-04A.blan.json
commit message=<BLANKS> preceding bu-FC-J-8557
add to repo msg=modified - 91-04A.icfa.json
commit message=<ICFactor> default
push repository <pychron.git_archive.repo_manager.GitRepoManager object at 0x1595b3350>
pushing to remote=origin, url=https://github.com
ahead behind
Smart pull ahead: 0 behind: 0
Up-to-date with origin
no changes to meta repo
create new session 4948756432
add association IR951
get identifier "65891"
setting analysis irradiation position=<pychron.dvc.dvc_orm.IrradiationPositionTbl object at 0x1650c1b10>
close session 4948756432
================= post measurement finished
22:29:58 -- ******* Post Run Check *******
loading queue conditionals post_run_actions
loading system conditionals post_run_actions
loading conditionals from /Users/jan/Pychron/setupfiles/spectrometer/default_conditionals.yaml
loading queue conditionals post_run_terminations
loading system conditionals post_run_terminations
loading conditionals from /Users/jan/Pychron/setupfiles/spectrometer/default_conditionals.yaml
Checking default post run terminations n=1
GetDeflection CDD ===>> 50
testing CDD==2000
evaluate ot="CDD.deflection==2000" t="CDD==2000", ctx="{'CDD': 50.0}"
22:29:58 -- ******* Post Run Check Passed *******
22:29:58 -- Automated run 65891-04A success duration: 767.444 s
----------------- finish -----------------
----------------- stop -----------------
retroactive repository identifiers disabled
finish run. runs completed=45
update duration runid=65891-04A, duration=767.44423008, md5=a5238c40
loading script "jan_unknown400_120.py"
loading script "jan_pump_ms.py"
loading script "jan_co2.py"
loading script "jan_pump_extraction_line.py"
testing...
no interpolation path defined
executed snippet estimated_duration=539.8, duration=0.000360012054443
script duration name:unknown400_120 seconds:540.0
loading script "jan_unknown400_120.py"
loading script "jan_pump_ms.py"
loading script "jan_co2.py"
loading script "jan_pump_extraction_line.py"
testing...
no interpolation path defined
executed snippet estimated_duration=0, duration=3.21865081787e-05
loading script "jan_unknown400_120.py"
loading script "jan_pump_ms.py"
loading script "jan_co2.py"
loading script "jan_pump_extraction_line.py"
testing...
no interpolation path defined
calculate duration
testing...
no interpolation path defined
executed snippet estimated_duration=0, duration=5.79357147217e-05
calculate duration
testing...
no interpolation path defined
executed snippet estimated_duration=0, duration=0.000115156173706
executed snippet estimated_duration=0.0, duration=0.00816798210144
script duration name:co2 seconds:0.0
loading script "jan_unknown400_120.py"
loading script "jan_pump_ms.py"
loading script "jan_co2.py"
loading script "jan_pump_extraction_line.py"
testing...
no interpolation path defined
calculate duration
testing...
no interpolation path defined
executed snippet estimated_duration=4.0, duration=0.000214815139771
executed snippet estimated_duration=4.0, duration=0.00211405754089
Script duration 540.0
Run total estimated duration= 541.000
unknown400_120 in script context. using previous estimated duration
script duration name:unknown400_120 seconds:540.0
pump_ms in script context. using previous estimated duration
loading script "jan_unknown400_120.py"
loading script "jan_pump_ms.py"
loading script "jan_sniffair_x2.py"
loading script "jan_pump_extraction_line.py"
testing...
no interpolation path defined
calculate duration
testing...
no interpolation path defined
executed snippet estimated_duration=0, duration=4.91142272949e-05
calculate duration
testing...
no interpolation path defined
executed snippet estimated_duration=0, duration=0.000162124633789
calculate duration
testing...
no interpolation path defined
executed snippet estimated_duration=32.0, duration=0.000108003616333
calculate duration
testing...
no interpolation path defined
executed snippet estimated_duration=34.0, duration=0.000117063522339
calculate duration
testing...
no interpolation path defined
executed snippet estimated_duration=4.0, duration=7.60555267334e-05
calculate duration
testing...
no interpolation path defined
executed snippet estimated_duration=36.0, duration=0.000103950500488
calculate duration
testing...
no interpolation path defined
executed snippet estimated_duration=34.0, duration=0.000116109848022
calculate duration
testing...
no interpolation path defined
executed snippet estimated_duration=4.0, duration=7.29560852051e-05
calculate duration
testing...
no interpolation path defined
executed snippet estimated_duration=36.0, duration=0.000100135803223
calculate duration
testing...
no interpolation path defined
executed snippet estimated_duration=70.0, duration=0.000110864639282
executed snippet estimated_duration=250.0, duration=0.0350570678711
script duration name:sniffair_x2 seconds:250.0
pump_extraction_line in script context. using previous estimated duration
Script duration 790.0
Run total estimated duration= 791.000
script duration name:unknown400_120 seconds:540.0
co2 in script context. using previous estimated duration
script duration name:co2 seconds:0.0
Script duration 540.0
Run total estimated duration= 541.000
script duration name:unknown400_120 seconds:540.0
script duration name:co2 seconds:0.0
Script duration 540.0
Run total estimated duration= 541.000
script duration name:unknown400_120 seconds:540.0
script duration name:co2 seconds:0.0
Script duration 540.0
Run total estimated duration= 541.000
script duration name:unknown400_120 seconds:540.0
script duration name:co2 seconds:0.0
Script duration 540.0
Run total estimated duration= 541.000
script duration name:unknown400_120 seconds:540.0
script duration name:co2 seconds:0.0
Script duration 540.0
Run total estimated duration= 541.000
script duration name:unknown400_120 seconds:540.0
script duration name:co2 seconds:0.0
Script duration 540.0
Run total estimated duration= 541.000
script duration name:unknown400_120 seconds:540.0
script duration name:co2 seconds:0.0
Script duration 540.0
Run total estimated duration= 541.000
script duration name:unknown400_120 seconds:540.0
script duration name:co2 seconds:0.0
Script duration 540.0
Run total estimated duration= 541.000
script duration name:unknown400_120 seconds:540.0
script duration name:co2 seconds:0.0
Script duration 540.0
Run total estimated duration= 541.000
script duration name:unknown400_120 seconds:540.0
script duration name:co2 seconds:0.0
Script duration 540.0
Run total estimated duration= 541.000
script duration name:unknown400_120 seconds:540.0
loading script "jan_unknown400_120.py"
loading script "jan_pump_ms.py"
loading script "jan_cocktail_x1.py"
loading script "jan_pump_extraction_line.py"
testing...
no interpolation path defined
calculate duration
testing...
no interpolation path defined
executed snippet estimated_duration=0, duration=5.48362731934e-05
calculate duration
testing...
no interpolation path defined
executed snippet estimated_duration=0, duration=0.000137090682983
calculate duration
testing...
no interpolation path defined
executed snippet estimated_duration=32.0, duration=0.00018310546875
calculate duration
testing...
no interpolation path defined
executed snippet estimated_duration=34.0, duration=0.000104188919067
calculate duration
testing...
no interpolation path defined
executed snippet estimated_duration=4.0, duration=0.000124931335449
calculate duration
testing...
no interpolation path defined
executed snippet estimated_duration=38.0, duration=9.48905944824e-05
executed snippet estimated_duration=108.0, duration=0.0172498226166
script duration name:cocktail_x1 seconds:108.0
Script duration 648.0
Run total estimated duration= 649.000
script duration name:unknown400_120 seconds:540.0
script duration name:co2 seconds:0.0
Script duration 540.0
Run total estimated duration= 541.000
script duration name:unknown400_120 seconds:540.0
script duration name:co2 seconds:0.0
Script duration 540.0
Run total estimated duration= 541.000
script duration name:unknown400_120 seconds:540.0
script duration name:co2 seconds:0.0
Script duration 540.0
Run total estimated duration= 541.000
script duration name:unknown400_120 seconds:540.0
script duration name:co2 seconds:0.0
Script duration 540.0
Run total estimated duration= 541.000
script duration name:unknown400_120 seconds:540.0
script duration name:co2 seconds:0.0
Script duration 540.0
Run total estimated duration= 541.000
script duration name:unknown400_120 seconds:540.0
script duration name:co2 seconds:0.0
Script duration 540.0
Run total estimated duration= 541.000
script duration name:unknown400_120 seconds:540.0
script duration name:co2 seconds:0.0
Script duration 540.0
Run total estimated duration= 541.000
script duration name:unknown400_120 seconds:540.0
script duration name:co2 seconds:0.0
Script duration 540.0
Run total estimated duration= 541.000
script duration name:unknown400_120 seconds:540.0
script duration name:co2 seconds:0.0
Script duration 540.0
Run total estimated duration= 541.000
script duration name:unknown400_120 seconds:540.0
script duration name:co2 seconds:0.0
Script duration 540.0
Run total estimated duration= 541.000
script duration name:unknown400_120 seconds:540.0
script duration name:co2 seconds:0.0
Script duration 540.0
Run total estimated duration= 541.000
script duration name:unknown400_120 seconds:540.0
script duration name:co2 seconds:0.0
Script duration 540.0
Run total estimated duration= 541.000
script duration name:unknown400_120 seconds:540.0
cocktail_x1 in script context. using previous estimated duration
script duration name:cocktail_x1 seconds:108.0
Script duration 648.0
Run total estimated duration= 649.000
script duration name:unknown400_120 seconds:540.0
script duration name:cocktail_x1 seconds:108.0
Script duration 648.0
Run total estimated duration= 649.000
script duration name:unknown400_120 seconds:540.0
script duration name:cocktail_x1 seconds:108.0
Script duration 648.0
Run total estimated duration= 649.000
script duration name:unknown400_120 seconds:540.0
sniffair_x2 in script context. using previous estimated duration
script duration name:sniffair_x2 seconds:250.0
Script duration 790.0
Run total estimated duration= 791.000
script duration name:unknown400_120 seconds:540.0
script duration name:sniffair_x2 seconds:250.0
Script duration 790.0
Run total estimated duration= 791.000
script duration name:unknown400_120 seconds:540.0
script duration name:sniffair_x2 seconds:250.0
Script duration 790.0
Run total estimated duration= 791.000
script duration name:unknown400_120 seconds:540.0
script duration name:co2 seconds:0.0
Script duration 540.0
Run total estimated duration= 541.000
nruns=32 before=5.0, run_dur=18744.0, btw=810.0
write rem/ex queues
/Users/jan/Pychron/experiments/rem/Load1837nels.rem.txt
/Users/jan/Pychron/experiments/rem/Load1837nels.ex.txt
doing event level: 3
add run
